#
# A fatal error has been detected by the Java Runtime Environment:
#
#  EXCEPTION_ACCESS_VIOLATION (0xc0000005) at pc=0x000000006227a420, pid=2200, tid=9984
#
# JRE version: Java(TM) SE Runtime Environment (8.0_05-b13) (build 1.8.0_05-b13)
# Java VM: Java HotSpot(TM) 64-Bit Server VM (25.5-b02 mixed mode windows-amd64 compressed oops)
# Problematic frame:
# C  [nvoglv64.dll+0xeca420]
#
# Failed to write core dump. Minidumps are not enabled by default on client versions of Windows
#
# If you would like to submit a bug report, please visit:
#   http://bugreport.sun.com/bugreport/crash.jsp
# The crash happened outside the Java Virtual Machine in native code.
# See problematic frame for where to report the bug.
#

---------------  T H R E A D  ---------------

Current thread (0x0000000002f32800):  JavaThread "main" [_thread_in_native, id=9984, stack(0x0000000001450000,0x0000000001550000)]

siginfo: ExceptionCode=0xc0000005, reading address 0x0000000000000000

Registers:
RAX=0x0000000000000030, RBX=0x00000000203d0e98, RCX=0x0000000020d3411c, RDX=0xffffffffdf2cbee4
RSP=0x000000000154f0c8, RBP=0x0000000000000101, RSI=0x0000000000000006, RDI=0x0000000020d3411c
R8 =0x0000000000000030, R9 =0x0000000000000006, R10=0x0000000000000000, R11=0x0000000020d3411c
R12=0x0000000000000000, R13=0x00000000613b0000, R14=0x0000000000000000, R15=0x00000000203d0e18
RIP=0x000000006227a420, EFLAGS=0x0000000000010283

Top of Stack: (sp=0x000000000154f0c8)
0x000000000154f0c8:   0000000061d6ea6a 0000000000000030
0x000000000154f0d8:   00000000033eeed4 000000000154f150
0x000000000154f0e8:   0000000061be296b 0000000002f32800
0x000000000154f0f8:   0000000000000006 0000000000000000
0x000000000154f108:   000000000003810b 00000000203d0e18
0x000000000154f118:   0000000061d6f854 00000000203d0080
0x000000000154f128:   0000000000000004 0000000000000000
0x000000000154f138:   0000000000000000 0000000002f32800
0x000000000154f148:   000000000154f1c8 0000000000000000
0x000000000154f158:   0000000000000000 0000000000000000
0x000000000154f168:   00000000033f074f 0000000000000030
0x000000000154f178:   000000000154f1e0 0000000000000000
0x000000000154f188:   0000000000000000 0000000000000006
0x000000000154f198:   0000000000000000 00000007c003d948
0x000000000154f1a8:   0000000800010000 00000006c0f45928
0x000000000154f1b8:   00000000ffffffff 0000000000000008 

Instructions: (pc=0x000000006227a420)
0x000000006227a400:   29 41 c0 0f 29 49 d0 0f 10 44 0a e0 0f 10 4c 0a
0x000000006227a410:   f0 75 ad 0f 29 41 e0 49 83 e0 7f 0f 28 c1 eb 0c
0x000000006227a420:   0f 10 04 0a 48 83 c1 10 49 83 e8 10 4d 8b c8 49
0x000000006227a430:   c1 e9 04 74 1c 66 66 66 0f 1f 84 00 00 00 00 00 


Register to memory mapping:

RAX=0x0000000000000030 is an unknown value
RBX=0x00000000203d0e98 is an unknown value
RCX=0x0000000020d3411c is an unknown value
RDX=0xffffffffdf2cbee4 is an unknown value
RSP=0x000000000154f0c8 is pointing into the stack for thread: 0x0000000002f32800
RBP=0x0000000000000101 is an unknown value
RSI=0x0000000000000006 is an unknown value
RDI=0x0000000020d3411c is an unknown value
R8 =0x0000000000000030 is an unknown value
R9 =0x0000000000000006 is an unknown value
R10=0x0000000000000000 is an unknown value
R11=0x0000000020d3411c is an unknown value
R12=0x0000000000000000 is an unknown value
R13=0x00000000613b0000 is an unknown value
R14=0x0000000000000000 is an unknown value
R15=0x00000000203d0e18 is an unknown value


Stack: [0x0000000001450000,0x0000000001550000],  sp=0x000000000154f0c8,  free space=1020k
Native frames: (J=compiled Java code, j=interpreted, Vv=VM code, C=native code)
C  [nvoglv64.dll+0xeca420]
C  [nvoglv64.dll+0x9bea6a]
C  [nvoglv64.dll+0x9bf854]
C  0x00000000033f074f

Java frames: (J=compiled Java code, j=interpreted, Vv=VM code)
J 995  org.lwjgl.opengl.GL11.glDrawArrays(III)V (0 bytes) @ 0x00000000033f06c9 [0x00000000033f0680+0x49]
J 1098 C2 drawing.BaseDrawing.drawRectangle(Ldrawing/Position;IILdrawing/Texture;ZLgameMap/Scaling;)V (49 bytes) @ 0x000000000341d6ac [0x000000000341d2a0+0x40c]
J 1134 C1 drawing.uiDrawing.UIDrawing.drawBackground(Ldrawing/TextureCache;)V (33 bytes) @ 0x000000000342e974 [0x000000000342e5c0+0x3b4]
j  drawing.DrawHandler.drawAll(Lplayer/Player;LgameMap/GameMap;Lgame/GameState;Lgame/DisplayState;ILjava/util/ArrayList;Ljava/lang/String;Z)V+14
J 1132 C1 game.Game.updateAll()V (280 bytes) @ 0x000000000342d94c [0x000000000342cd40+0xc0c]
j  Main.showWindow()V+158
j  Main.main([Ljava/lang/String;)V+0
v  ~StubRoutines::call_stub

---------------  P R O C E S S  ---------------

Java Threads: ( => current thread )
  0x000000001e886000 JavaThread "Java2D Disposer" daemon [_thread_blocked, id=9688, stack(0x0000000027600000,0x0000000027700000)]
  0x000000001dd6f000 JavaThread "Service Thread" daemon [_thread_blocked, id=7600, stack(0x000000001e3e0000,0x000000001e4e0000)]
  0x000000001dc76000 JavaThread "C1 CompilerThread2" daemon [_thread_blocked, id=1484, stack(0x000000001e2e0000,0x000000001e3e0000)]
  0x000000001dc75000 JavaThread "C2 CompilerThread1" daemon [_thread_blocked, id=6332, stack(0x000000001e1e0000,0x000000001e2e0000)]
  0x000000001dc74000 JavaThread "C2 CompilerThread0" daemon [_thread_blocked, id=968, stack(0x000000001e0e0000,0x000000001e1e0000)]
  0x000000001dc68800 JavaThread "Monitor Ctrl-Break" daemon [_thread_in_native, id=7292, stack(0x000000001dfe0000,0x000000001e0e0000)]
  0x000000001c67d000 JavaThread "Attach Listener" daemon [_thread_blocked, id=7792, stack(0x000000001dae0000,0x000000001dbe0000)]
  0x000000001c67c000 JavaThread "Signal Dispatcher" daemon [_thread_blocked, id=11404, stack(0x000000001d9e0000,0x000000001dae0000)]
  0x0000000003026000 JavaThread "Finalizer" daemon [_thread_blocked, id=5688, stack(0x000000001d8e0000,0x000000001d9e0000)]
  0x000000000301d800 JavaThread "Reference Handler" daemon [_thread_blocked, id=12124, stack(0x000000001d7e0000,0x000000001d8e0000)]
=>0x0000000002f32800 JavaThread "main" [_thread_in_native, id=9984, stack(0x0000000001450000,0x0000000001550000)]

Other Threads:
  0x000000001c646000 VMThread [stack: 0x000000001d6e0000,0x000000001d7e0000] [id=1632]
  0x000000001dd74800 WatcherThread [stack: 0x000000001e4e0000,0x000000001e5e0000] [id=11120]

VM state:not at safepoint (normal execution)

VM Mutex/Monitor currently owned by a thread: None

Heap:
 PSYoungGen      total 29696K, used 10534K [0x000000076af80000, 0x000000076d000000, 0x00000007c0000000)
  eden space 27648K, 30% used [0x000000076af80000,0x000000076b7c9a60,0x000000076ca80000)
  from space 2048K, 100% used [0x000000076cd00000,0x000000076cf00000,0x000000076cf00000)
  to   space 2560K, 0% used [0x000000076ca80000,0x000000076ca80000,0x000000076cd00000)
 ParOldGen       total 260608K, used 3878K [0x00000006c0e00000, 0x00000006d0c80000, 0x000000076af80000)
  object space 260608K, 1% used [0x00000006c0e00000,0x00000006c11c9910,0x00000006d0c80000)
 Metaspace       used 10773K, capacity 10975K, committed 11264K, reserved 1058816K
  class space    used 953K, capacity 998K, committed 1024K, reserved 1048576K

Card table byte_map: [0x00000000123f0000,0x0000000012bf0000] byte_map_base: 0x000000000ede9000

Marking Bits: (ParMarkBitMap*) 0x00000000643113b0
 Begin Bits: [0x0000000013550000, 0x0000000017518000)
 End Bits:   [0x0000000017518000, 0x000000001b4e0000)

Polling page: 0x0000000001040000

CodeCache: size=245760Kb used=4123Kb max_used=4123Kb free=241636Kb
 bounds [0x0000000003030000, 0x0000000003440000, 0x0000000012030000]
 total_blobs=2055 nmethods=1155 adapters=814
 compilation: enabled

Compilation events (10 events):
Event: 7.675 Thread 0x000000001dc76000 1151       3       drawing.uiDrawing.UIDrawing::drawButtonWithText (83 bytes)
Event: 7.675 Thread 0x000000001dc76000 nmethod 1151 0x0000000003437b10 code [0x0000000003437d00, 0x0000000003438548]
Event: 7.675 Thread 0x000000001dc76000 1152       3       drawing.button.TextButton::getButtonTextOffsetY (3 bytes)
Event: 7.675 Thread 0x000000001dc76000 nmethod 1152 0x00000000034388d0 code [0x0000000003438a20, 0x0000000003438b70]
Event: 7.675 Thread 0x000000001dc76000 1153       3       drawing.button.TextButton::getButtonTextOffsetX (3 bytes)
Event: 7.675 Thread 0x000000001dc76000 nmethod 1153 0x0000000003438c10 code [0x0000000003438d60, 0x0000000003438eb0]
Event: 7.724 Thread 0x000000001dc76000 1154       3       drawing.BaseDrawing::getSpriteTextures (140 bytes)
Event: 7.725 Thread 0x000000001dc76000 nmethod 1154 0x0000000003438f50 code [0x00000000034390c0, 0x0000000003439410]
Event: 8.159 Thread 0x000000001dc76000 1155       3       drawing.button.TextButton::setButtonDefault (8 bytes)
Event: 8.159 Thread 0x000000001dc76000 nmethod 1155 0x0000000003439550 code [0x00000000034396c0, 0x0000000003439890]

GC Heap History (10 events):
Event: 1.511 GC heap before
{Heap before GC invocations=12 (full 0):
 PSYoungGen      total 8192K, used 8047K [0x000000076af80000, 0x000000076bd00000, 0x00000007c0000000)
  eden space 6656K, 100% used [0x000000076af80000,0x000000076b600000,0x000000076b600000)
  from space 1536K, 90% used [0x000000076b600000,0x000000076b75be70,0x000000076b780000)
  to   space 1536K, 0% used [0x000000076bb80000,0x000000076bb80000,0x000000076bd00000)
 ParOldGen       total 260608K, used 1973K [0x00000006c0e00000, 0x00000006d0c80000, 0x000000076af80000)
  object space 260608K, 0% used [0x00000006c0e00000,0x00000006c0fed618,0x00000006d0c80000)
 Metaspace       used 10383K, capacity 10559K, committed 10752K, reserved 1058816K
  class space    used 915K, capacity 966K, committed 1024K, reserved 1048576K
Event: 1.513 GC heap after
Heap after GC invocations=12 (full 0):
 PSYoungGen      total 12288K, used 1152K [0x000000076af80000, 0x000000076bd00000, 0x00000007c0000000)
  eden space 10752K, 0% used [0x000000076af80000,0x000000076af80000,0x000000076ba00000)
  from space 1536K, 75% used [0x000000076bb80000,0x000000076bca0010,0x000000076bd00000)
  to   space 1536K, 0% used [0x000000076ba00000,0x000000076ba00000,0x000000076bb80000)
 ParOldGen       total 260608K, used 3598K [0x00000006c0e00000, 0x00000006d0c80000, 0x000000076af80000)
  object space 260608K, 1% used [0x00000006c0e00000,0x00000006c1183910,0x00000006d0c80000)
 Metaspace       used 10383K, capacity 10559K, committed 10752K, reserved 1058816K
  class space    used 915K, capacity 966K, committed 1024K, reserved 1048576K
}
Event: 1.590 GC heap before
{Heap before GC invocations=13 (full 0):
 PSYoungGen      total 12288K, used 11904K [0x000000076af80000, 0x000000076bd00000, 0x00000007c0000000)
  eden space 10752K, 100% used [0x000000076af80000,0x000000076ba00000,0x000000076ba00000)
  from space 1536K, 75% used [0x000000076bb80000,0x000000076bca0010,0x000000076bd00000)
  to   space 1536K, 0% used [0x000000076ba00000,0x000000076ba00000,0x000000076bb80000)
 ParOldGen       total 260608K, used 3598K [0x00000006c0e00000, 0x00000006d0c80000, 0x000000076af80000)
  object space 260608K, 1% used [0x00000006c0e00000,0x00000006c1183910,0x00000006d0c80000)
 Metaspace       used 10423K, capacity 10623K, committed 10752K, reserved 1058816K
  class space    used 917K, capacity 966K, committed 1024K, reserved 1048576K
Event: 1.591 GC heap after
Heap after GC invocations=13 (full 0):
 PSYoungGen      total 12288K, used 1246K [0x000000076af80000, 0x000000076c480000, 0x00000007c0000000)
  eden space 10752K, 0% used [0x000000076af80000,0x000000076af80000,0x000000076ba00000)
  from space 1536K, 81% used [0x000000076ba00000,0x000000076bb37af0,0x000000076bb80000)
  to   space 2048K, 0% used [0x000000076c280000,0x000000076c280000,0x000000076c480000)
 ParOldGen       total 260608K, used 3614K [0x00000006c0e00000, 0x00000006d0c80000, 0x000000076af80000)
  object space 260608K, 1% used [0x00000006c0e00000,0x00000006c1187910,0x00000006d0c80000)
 Metaspace       used 10423K, capacity 10623K, committed 10752K, reserved 1058816K
  class space    used 917K, capacity 966K, committed 1024K, reserved 1048576K
}
Event: 1.657 GC heap before
{Heap before GC invocations=14 (full 0):
 PSYoungGen      total 12288K, used 11998K [0x000000076af80000, 0x000000076c480000, 0x00000007c0000000)
  eden space 10752K, 100% used [0x000000076af80000,0x000000076ba00000,0x000000076ba00000)
  from space 1536K, 81% used [0x000000076ba00000,0x000000076bb37af0,0x000000076bb80000)
  to   space 2048K, 0% used [0x000000076c280000,0x000000076c280000,0x000000076c480000)
 ParOldGen       total 260608K, used 3614K [0x00000006c0e00000, 0x00000006d0c80000, 0x000000076af80000)
  object space 260608K, 1% used [0x00000006c0e00000,0x00000006c1187910,0x00000006d0c80000)
 Metaspace       used 10470K, capacity 10687K, committed 11008K, reserved 1058816K
  class space    used 919K, capacity 966K, committed 1024K, reserved 1048576K
Event: 1.658 GC heap after
Heap after GC invocations=14 (full 0):
 PSYoungGen      total 19456K, used 160K [0x000000076af80000, 0x000000076c480000, 0x00000007c0000000)
  eden space 17408K, 0% used [0x000000076af80000,0x000000076af80000,0x000000076c080000)
  from space 2048K, 7% used [0x000000076c280000,0x000000076c2a8000,0x000000076c480000)
  to   space 2048K, 0% used [0x000000076c080000,0x000000076c080000,0x000000076c280000)
 ParOldGen       total 260608K, used 3638K [0x00000006c0e00000, 0x00000006d0c80000, 0x000000076af80000)
  object space 260608K, 1% used [0x00000006c0e00000,0x00000006c118d910,0x00000006d0c80000)
 Metaspace       used 10470K, capacity 10687K, committed 11008K, reserved 1058816K
  class space    used 919K, capacity 966K, committed 1024K, reserved 1048576K
}
Event: 1.676 GC heap before
{Heap before GC invocations=15 (full 0):
 PSYoungGen      total 19456K, used 17568K [0x000000076af80000, 0x000000076c480000, 0x00000007c0000000)
  eden space 17408K, 100% used [0x000000076af80000,0x000000076c080000,0x000000076c080000)
  from space 2048K, 7% used [0x000000076c280000,0x000000076c2a8000,0x000000076c480000)
  to   space 2048K, 0% used [0x000000076c080000,0x000000076c080000,0x000000076c280000)
 ParOldGen       total 260608K, used 3638K [0x00000006c0e00000, 0x00000006d0c80000, 0x000000076af80000)
  object space 260608K, 1% used [0x00000006c0e00000,0x00000006c118d910,0x00000006d0c80000)
 Metaspace       used 10494K, capacity 10687K, committed 11008K, reserved 1058816K
  class space    used 920K, capacity 966K, committed 1024K, reserved 1048576K
Event: 1.676 GC heap after
Heap after GC invocations=15 (full 0):
 PSYoungGen      total 19456K, used 192K [0x000000076af80000, 0x000000076cf00000, 0x00000007c0000000)
  eden space 17408K, 0% used [0x000000076af80000,0x000000076af80000,0x000000076c080000)
  from space 2048K, 9% used [0x000000076c080000,0x000000076c0b0000,0x000000076c280000)
  to   space 2048K, 0% used [0x000000076cd00000,0x000000076cd00000,0x000000076cf00000)
 ParOldGen       total 260608K, used 3670K [0x00000006c0e00000, 0x00000006d0c80000, 0x000000076af80000)
  object space 260608K, 1% used [0x00000006c0e00000,0x00000006c1195910,0x00000006d0c80000)
 Metaspace       used 10494K, capacity 10687K, committed 11008K, reserved 1058816K
  class space    used 920K, capacity 966K, committed 1024K, reserved 1048576K
}
Event: 2.875 GC heap before
{Heap before GC invocations=16 (full 0):
 PSYoungGen      total 19456K, used 17600K [0x000000076af80000, 0x000000076cf00000, 0x00000007c0000000)
  eden space 17408K, 100% used [0x000000076af80000,0x000000076c080000,0x000000076c080000)
  from space 2048K, 9% used [0x000000076c080000,0x000000076c0b0000,0x000000076c280000)
  to   space 2048K, 0% used [0x000000076cd00000,0x000000076cd00000,0x000000076cf00000)
 ParOldGen       total 260608K, used 3670K [0x00000006c0e00000, 0x00000006d0c80000, 0x000000076af80000)
  object space 260608K, 1% used [0x00000006c0e00000,0x00000006c1195910,0x00000006d0c80000)
 Metaspace       used 10749K, capacity 10975K, committed 11264K, reserved 1058816K
  class space    used 953K, capacity 998K, committed 1024K, reserved 1048576K
Event: 2.878 GC heap after
Heap after GC invocations=16 (full 0):
 PSYoungGen      total 29696K, used 2048K [0x000000076af80000, 0x000000076d000000, 0x00000007c0000000)
  eden space 27648K, 0% used [0x000000076af80000,0x000000076af80000,0x000000076ca80000)
  from space 2048K, 100% used [0x000000076cd00000,0x000000076cf00000,0x000000076cf00000)
  to   space 2560K, 0% used [0x000000076ca80000,0x000000076ca80000,0x000000076cd00000)
 ParOldGen       total 260608K, used 3878K [0x00000006c0e00000, 0x00000006d0c80000, 0x000000076af80000)
  object space 260608K, 1% used [0x00000006c0e00000,0x00000006c11c9910,0x00000006d0c80000)
 Metaspace       used 10749K, capacity 10975K, committed 11264K, reserved 1058816K
  class space    used 953K, capacity 998K, committed 1024K, reserved 1048576K
}

Deoptimization events (5 events):
Event: 1.538 Thread 0x0000000002f32800 Uncommon trap: reason=class_check action=maybe_recompile pc=0x0000000003334ee4 method=java.awt.image.BufferedImage.getRGB(IIII[III)[I @ 205
Event: 1.538 Thread 0x0000000002f32800 Uncommon trap: reason=class_check action=maybe_recompile pc=0x00000000033202c8 method=java.awt.image.BufferedImage.getRGB(IIII[III)[I @ 205
Event: 1.539 Thread 0x0000000002f32800 Uncommon trap: reason=class_check action=maybe_recompile pc=0x00000000033202c8 method=java.awt.image.BufferedImage.getRGB(IIII[III)[I @ 205
Event: 1.539 Thread 0x0000000002f32800 Uncommon trap: reason=class_check action=maybe_recompile pc=0x00000000033202c8 method=java.awt.image.BufferedImage.getRGB(IIII[III)[I @ 205
Event: 1.629 Thread 0x0000000002f32800 Uncommon trap: reason=class_check action=maybe_recompile pc=0x0000000003334ee4 method=java.awt.image.BufferedImage.getRGB(IIII[III)[I @ 205

Internal exceptions (10 events):
Event: 2.430 Thread 0x0000000002f32800 Exception <a 'java/security/PrivilegedActionException'> (0x000000076bb68268) thrown at [D:\re\workspace\8-2-build-windows-amd64-cygwin\jdk8u5\2488\hotspot\src\share\vm\prims\jvm.cpp, line 1248]
Event: 2.431 Thread 0x0000000002f32800 Exception <a 'java/security/PrivilegedActionException'> (0x000000076bb6c518) thrown at [D:\re\workspace\8-2-build-windows-amd64-cygwin\jdk8u5\2488\hotspot\src\share\vm\prims\jvm.cpp, line 1248]
Event: 2.431 Thread 0x0000000002f32800 Exception <a 'java/security/PrivilegedActionException'> (0x000000076bb775d0) thrown at [D:\re\workspace\8-2-build-windows-amd64-cygwin\jdk8u5\2488\hotspot\src\share\vm\prims\jvm.cpp, line 1248]
Event: 2.432 Thread 0x0000000002f32800 Exception <a 'java/security/PrivilegedActionException'> (0x000000076bb795c0) thrown at [D:\re\workspace\8-2-build-windows-amd64-cygwin\jdk8u5\2488\hotspot\src\share\vm\prims\jvm.cpp, line 1248]
Event: 2.432 Thread 0x0000000002f32800 Exception <a 'java/security/PrivilegedActionException'> (0x000000076bb7c5c8) thrown at [D:\re\workspace\8-2-build-windows-amd64-cygwin\jdk8u5\2488\hotspot\src\share\vm\prims\jvm.cpp, line 1248]
Event: 2.432 Thread 0x0000000002f32800 Exception <a 'java/security/PrivilegedActionException'> (0x000000076bb7f6f0) thrown at [D:\re\workspace\8-2-build-windows-amd64-cygwin\jdk8u5\2488\hotspot\src\share\vm\prims\jvm.cpp, line 1248]
Event: 2.432 Thread 0x0000000002f32800 Exception <a 'java/security/PrivilegedActionException'> (0x000000076bb818a0) thrown at [D:\re\workspace\8-2-build-windows-amd64-cygwin\jdk8u5\2488\hotspot\src\share\vm\prims\jvm.cpp, line 1248]
Event: 2.727 Thread 0x0000000002f32800 Exception <a 'java/security/PrivilegedActionException'> (0x000000076bf6be98) thrown at [D:\re\workspace\8-2-build-windows-amd64-cygwin\jdk8u5\2488\hotspot\src\share\vm\prims\jvm.cpp, line 1248]
Event: 2.728 Thread 0x0000000002f32800 Exception <a 'java/security/PrivilegedActionException'> (0x000000076bf6e1b0) thrown at [D:\re\workspace\8-2-build-windows-amd64-cygwin\jdk8u5\2488\hotspot\src\share\vm\prims\jvm.cpp, line 1248]
Event: 2.728 Thread 0x0000000002f32800 Exception <a 'java/security/PrivilegedActionException'> (0x000000076bf703f0) thrown at [D:\re\workspace\8-2-build-windows-amd64-cygwin\jdk8u5\2488\hotspot\src\share\vm\prims\jvm.cpp, line 1248]

Events (10 events):
Event: 2.728 loading class helper/Direction
Event: 2.728 loading class helper/Direction done
Event: 2.728 loading class mob/Mob$1
Event: 2.728 loading class mob/Mob$1 done
Event: 2.875 Executing VM operation: ParallelGCFailedAllocation
Event: 2.878 Executing VM operation: ParallelGCFailedAllocation done
Event: 4.192 Executing VM operation: EnableBiasedLocking
Event: 4.193 Executing VM operation: EnableBiasedLocking done
Event: 5.075 Thread 0x0000000002f32800 DEOPT PACKING pc=0x00000000034178a4 sp=0x000000000154f3f0
Event: 5.075 Thread 0x0000000002f32800 DEOPT UNPACKING pc=0x0000000003077604 sp=0x000000000154f118 mode 0


Dynamic libraries:
0x00007ff66c090000 - 0x00007ff66c0c4000 	D:\Programme\Java\jdk1.8.0_05\bin\java.exe
0x00007ff983ad0000 - 0x00007ff983cb1000 	C:\WINDOWS\SYSTEM32\ntdll.dll
0x00007ff983200000 - 0x00007ff9832b2000 	C:\WINDOWS\System32\KERNEL32.DLL
0x00007ff980ce0000 - 0x00007ff980f53000 	C:\WINDOWS\System32\KERNELBASE.dll
0x00007ff9836d0000 - 0x00007ff983771000 	C:\WINDOWS\System32\ADVAPI32.dll
0x00007ff981750000 - 0x00007ff9817ee000 	C:\WINDOWS\System32\msvcrt.dll
0x00007ff983a40000 - 0x00007ff983a9b000 	C:\WINDOWS\System32\sechost.dll
0x00007ff9815b0000 - 0x00007ff9816d4000 	C:\WINDOWS\System32\RPCRT4.dll
0x00007ff9833e0000 - 0x00007ff983570000 	C:\WINDOWS\System32\USER32.dll
0x00007ff97ff00000 - 0x00007ff97ff20000 	C:\WINDOWS\System32\win32u.dll
0x00007ff980fc0000 - 0x00007ff980fe8000 	C:\WINDOWS\System32\GDI32.dll
0x00007ff9807a0000 - 0x00007ff980932000 	C:\WINDOWS\System32\gdi32full.dll
0x00007ff97ff20000 - 0x00007ff97ffbf000 	C:\WINDOWS\System32\msvcp_win.dll
0x00007ff980be0000 - 0x00007ff980cd8000 	C:\WINDOWS\System32\ucrtbase.dll
0x00007ff971bc0000 - 0x00007ff971e29000 	C:\WINDOWS\WinSxS\amd64_microsoft.windows.common-controls_6595b64144ccf1df_6.0.17134.648_none_fb45a0e93062a6d2\COMCTL32.dll
0x00007ff982e50000 - 0x00007ff983172000 	C:\WINDOWS\System32\combase.dll
0x00007ff980720000 - 0x00007ff98079a000 	C:\WINDOWS\System32\bcryptPrimitives.dll
0x00007ff9832c0000 - 0x00007ff9832ed000 	C:\WINDOWS\System32\IMM32.DLL
0x0000000064390000 - 0x0000000064462000 	D:\Programme\Java\jdk1.8.0_05\jre\bin\msvcr100.dll
0x0000000063b60000 - 0x000000006438a000 	D:\Programme\Java\jdk1.8.0_05\jre\bin\server\jvm.dll
0x00007ff980ff0000 - 0x00007ff980ff8000 	C:\WINDOWS\System32\PSAPI.DLL
0x00007ff96f7f0000 - 0x00007ff96f7f9000 	C:\WINDOWS\SYSTEM32\WSOCK32.dll
0x00007ff97deb0000 - 0x00007ff97ded3000 	C:\WINDOWS\SYSTEM32\WINMM.dll
0x00007ff983920000 - 0x00007ff98398c000 	C:\WINDOWS\System32\WS2_32.dll
0x00007ff97de50000 - 0x00007ff97de7a000 	C:\WINDOWS\SYSTEM32\WINMMBASE.dll
0x00007ff97ffc0000 - 0x00007ff980009000 	C:\WINDOWS\System32\cfgmgr32.dll
0x0000000063b50000 - 0x0000000063b5f000 	D:\Programme\Java\jdk1.8.0_05\jre\bin\verify.dll
0x0000000063b20000 - 0x0000000063b48000 	D:\Programme\Java\jdk1.8.0_05\jre\bin\java.dll
0x0000000063a80000 - 0x0000000063aa3000 	D:\Programme\Java\jdk1.8.0_05\jre\bin\instrument.dll
0x0000000063b00000 - 0x0000000063b16000 	D:\Programme\Java\jdk1.8.0_05\jre\bin\zip.dll
0x00007ff9817f0000 - 0x00007ff982c30000 	C:\WINDOWS\System32\SHELL32.dll
0x00007ff983990000 - 0x00007ff983a39000 	C:\WINDOWS\System32\shcore.dll
0x00007ff980010000 - 0x00007ff98071d000 	C:\WINDOWS\System32\windows.storage.dll
0x00007ff981000000 - 0x00007ff981051000 	C:\WINDOWS\System32\shlwapi.dll
0x00007ff97fe60000 - 0x00007ff97fe71000 	C:\WINDOWS\System32\kernel.appcore.dll
0x00007ff97fde0000 - 0x00007ff97fdff000 	C:\WINDOWS\System32\profapi.dll
0x00007ff97fe10000 - 0x00007ff97fe5c000 	C:\WINDOWS\System32\powrprof.dll
0x00007ff97fe00000 - 0x00007ff97fe0a000 	C:\WINDOWS\System32\FLTLIB.DLL
0x00007ff971eb0000 - 0x00007ff971eca000 	C:\Program Files\JetBrains\IntelliJ IDEA Community Edition 2018.3.5\bin\breakgen64.dll
0x0000000063ae0000 - 0x0000000063afa000 	D:\Programme\Java\jdk1.8.0_05\jre\bin\net.dll
0x00007ff97f600000 - 0x00007ff97f666000 	C:\WINDOWS\system32\mswsock.dll
0x0000000063ac0000 - 0x0000000063ad1000 	D:\Programme\Java\jdk1.8.0_05\jre\bin\nio.dll
0x00007ff96fae0000 - 0x00007ff96fb3b000 	C:\Users\Andreas\AppData\Local\Temp\lwjglAndreas\3.1.6-build-14\lwjgl.dll
0x00007ff962d80000 - 0x00007ff962dd1000 	C:\Users\Andreas\AppData\Local\Temp\lwjglAndreas\3.1.6-build-14\glfw.dll
0x00007ff97e160000 - 0x00007ff97e1f8000 	C:\WINDOWS\system32\uxtheme.dll
0x00007ff97fbf0000 - 0x00007ff97fc17000 	C:\WINDOWS\SYSTEM32\DEVOBJ.dll
0x00007ff97e3b0000 - 0x00007ff97e3d9000 	C:\WINDOWS\SYSTEM32\dwmapi.dll
0x00007ff978650000 - 0x00007ff9786c9000 	C:\WINDOWS\SYSTEM32\inputhost.dll
0x00007ff97dc80000 - 0x00007ff97dd5a000 	C:\WINDOWS\SYSTEM32\CoreMessaging.dll
0x00007ff97b740000 - 0x00007ff97b88d000 	C:\WINDOWS\SYSTEM32\wintypes.dll
0x00007ff97b890000 - 0x00007ff97bbae000 	C:\WINDOWS\SYSTEM32\CoreUIComponents.dll
0x00007ff97eed0000 - 0x00007ff97ef01000 	C:\WINDOWS\SYSTEM32\ntmarta.dll
0x00007ff982c30000 - 0x00007ff982da3000 	C:\WINDOWS\System32\MSCTF.dll
0x00007ff981060000 - 0x00007ff981123000 	C:\WINDOWS\System32\OLEAUT32.dll
0x00007ff981160000 - 0x00007ff9815ab000 	C:\WINDOWS\System32\SETUPAPI.DLL
0x00007ff97fea0000 - 0x00007ff97fef7000 	C:\WINDOWS\System32\WINTRUST.dll
0x00007ff97fe80000 - 0x00007ff97fe92000 	C:\WINDOWS\System32\MSASN1.dll
0x00007ff980940000 - 0x00007ff980b22000 	C:\WINDOWS\System32\CRYPT32.dll
0x00007ff954410000 - 0x00007ff954530000 	C:\WINDOWS\SYSTEM32\opengl32.dll
0x00007ff97aeb0000 - 0x00007ff97aedc000 	C:\WINDOWS\SYSTEM32\GLU32.dll
0x00000000613b0000 - 0x0000000063a72000 	C:\WINDOWS\System32\DriverStore\FileRepository\nv_dispi.inf_amd64_4aa19ae78d94d8a3\nvoglv64.dll
0x00007ff983570000 - 0x00007ff9836c1000 	C:\WINDOWS\System32\ole32.dll
0x00007ff97e950000 - 0x00007ff97e95a000 	C:\WINDOWS\SYSTEM32\VERSION.dll
0x00007ff97c8e0000 - 0x00007ff97c8f3000 	C:\WINDOWS\SYSTEM32\WTSAPI32.dll
0x00007ff97f7e0000 - 0x00007ff97f836000 	C:\WINDOWS\SYSTEM32\WINSTA.dll
0x00007ff9786d0000 - 0x00007ff978766000 	C:\WINDOWS\System32\TextInputFramework.dll
0x00007ff962310000 - 0x00007ff96236f000 	C:\Users\Andreas\AppData\Local\Temp\lwjglAndreas\3.1.6-build-14\lwjgl_opengl.dll
0x0000000061210000 - 0x00000000613a6000 	D:\Programme\Java\jdk1.8.0_05\jre\bin\awt.dll
0x00007ff97dfd0000 - 0x00007ff97e05b000 	C:\WINDOWS\SYSTEM32\apphelp.dll
0x00007ff96b5e0000 - 0x00007ff96b7a9000 	C:\WINDOWS\SYSTEM32\dbghelp.dll

VM Arguments:
jvm_args: -javaagent:C:\Program Files\JetBrains\IntelliJ IDEA Community Edition 2018.3.5\lib\idea_rt.jar=51990:C:\Program Files\JetBrains\IntelliJ IDEA Community Edition 2018.3.5\bin -Dfile.encoding=UTF-8 
java_command: Main
java_class_path (initial): D:\Programme\Java\jdk1.8.0_05\jre\lib\charsets.jar;D:\Programme\Java\jdk1.8.0_05\jre\lib\deploy.jar;D:\Programme\Java\jdk1.8.0_05\jre\lib\ext\access-bridge-64.jar;D:\Programme\Java\jdk1.8.0_05\jre\lib\ext\cldrdata.jar;D:\Programme\Java\jdk1.8.0_05\jre\lib\ext\dnsns.jar;D:\Programme\Java\jdk1.8.0_05\jre\lib\ext\jaccess.jar;D:\Programme\Java\jdk1.8.0_05\jre\lib\ext\jfxrt.jar;D:\Programme\Java\jdk1.8.0_05\jre\lib\ext\localedata.jar;D:\Programme\Java\jdk1.8.0_05\jre\lib\ext\nashorn.jar;D:\Programme\Java\jdk1.8.0_05\jre\lib\ext\sunec.jar;D:\Programme\Java\jdk1.8.0_05\jre\lib\ext\sunjce_provider.jar;D:\Programme\Java\jdk1.8.0_05\jre\lib\ext\sunmscapi.jar;D:\Programme\Java\jdk1.8.0_05\jre\lib\ext\sunpkcs11.jar;D:\Programme\Java\jdk1.8.0_05\jre\lib\ext\zipfs.jar;D:\Programme\Java\jdk1.8.0_05\jre\lib\javaws.jar;D:\Programme\Java\jdk1.8.0_05\jre\lib\jce.jar;D:\Programme\Java\jdk1.8.0_05\jre\lib\jfr.jar;D:\Programme\Java\jdk1.8.0_05\jre\lib\jfxswt.jar;D:\Programme\Java\jdk1.8.0_05\jre\lib\jsse.jar;D:\Programme\Java\jdk1.8.0_05\jre\lib\management-agent.jar;D:\Programme\Java\jdk1.8.0_05\jre\lib\plugin.jar;D:\Programme\Java\jdk1.8.0_05\jre\lib\resources.jar;D:\Programme\Java\jdk1.8.0_05\jre\lib\rt.jar;D:\Projekte\TheGame\MyGame\bin;D:\Projekte\TheGame\lib;D:\Projekte\TheGame\lib\lwjgl\lwjgl-javadoc.jar;D:\Projekte\TheGame\lib\lwjgl\lwjgl-natives-linux.jar;D:\Projekte\TheGame\lib\lwjgl\lwjgl-natives-macos.jar;D:\Projekte\TheGame\lib\lwjgl\lwjgl-natives-windows.jar;D:\Projekte\TheGame\lib\lwjgl\lwjgl-sources.jar;D:\Projekte\TheGame\lib\lwjgl\lwjgl.jar;D:\Projekte\TheGame\lib\lwjgl-assimp\lwjgl-assimp-javadoc.jar;D:\Projekte\TheGame\lib\lwjgl-assimp\lwjgl-assimp-natives-linux.jar;D:\Projekte\TheGame\lib\lwjgl-assimp\lwjgl-assimp-natives-macos.jar;D:\Projekte\TheGame\lib\lwjgl-assimp\lwjgl-assimp-natives-windows.jar;D:\Projekte\TheGame\lib\lwjgl-assimp\lwjgl-assimp-sources.jar;D:\Projekte\TheGame\lib\lwjgl-assimp\lwjgl-assimp.jar;D:\Projekte\TheGame\lib\l
Launcher Type: SUN_STANDARD

Environment Variables:
JAVA_HOME=D:\Programme\Java\jdk1.8.0_05
PATH=C:\WINDOWS\system32;C:\WINDOWS;C:\WINDOWS\System32\Wbem;C:\WINDOWS\System32\WindowsPowerShell\v1.0\;C:\Program Files (x86)\NVIDIA Corporation\PhysX\Common;C:\WINDOWS\system32;C:\WINDOWS;C:\WINDOWS\System32\Wbem;C:\WINDOWS\System32\WindowsPowerShell\v1.0\;C:\Program Files\Git\cmd;D:\Programme\Java\jdk1.8.0_05\lib;;C:\WINDOWS\System32\OpenSSH\;C:\Users\Andreas\AppData\Local\Microsoft\WindowsApps;
USERNAME=Andreas
OS=Windows_NT
PROCESSOR_IDENTIFIER=Intel64 Family 6 Model 60 Stepping 3, GenuineIntel



---------------  S Y S T E M  ---------------

OS: Windows 8.1 , 64 bit Build 9600 

CPU:total 4 (4 cores per cpu, 1 threads per core) family 6 model 60 stepping 3, cmov, cx8, fxsr, mmx, sse, sse2, sse3, ssse3, sse4.1, sse4.2, popcnt, avx, avx2, aes, clmul, erms, tsc, tscinvbit

Memory: 4k page, physical 16713364k(11290916k free), swap 19203732k(11390452k free)

vm_info: Java HotSpot(TM) 64-Bit Server VM (25.5-b02) for windows-amd64 JRE (1.8.0_05-b13), built on Mar 18 2014 01:08:39 by "java_re" with MS VC++ 10.0 (VS2010)

time: Sun Mar 17 19:19:36 2019
elapsed time: 8 seconds

