#
# A fatal error has been detected by the Java Runtime Environment:
#
#  EXCEPTION_ACCESS_VIOLATION (0xc0000005) at pc=0x000000006004a420, pid=1888, tid=9968
#
# JRE version: Java(TM) SE Runtime Environment (8.0_05-b13) (build 1.8.0_05-b13)
# Java VM: Java HotSpot(TM) 64-Bit Server VM (25.5-b02 mixed mode windows-amd64 compressed oops)
# Problematic frame:
# C  [nvoglv64.dll+0xeca420]
#
# Failed to write core dump. Minidumps are not enabled by default on client versions of Windows
#
# If you would like to submit a bug report, please visit:
#   http://bugreport.sun.com/bugreport/crash.jsp
# The crash happened outside the Java Virtual Machine in native code.
# See problematic frame for where to report the bug.
#

---------------  T H R E A D  ---------------

Current thread (0x0000000003352800):  JavaThread "main" [_thread_in_native, id=9968, stack(0x0000000003150000,0x0000000003250000)]

siginfo: ExceptionCode=0xc0000005, reading address 0x0000000000000000

Registers:
RAX=0x0000000000000030, RBX=0x00000000207c5e98, RCX=0x0000000020e86020, RDX=0xffffffffdf179fe0
RSP=0x000000000324ed18, RBP=0x0000000000000101, RSI=0x0000000000000006, RDI=0x0000000020e86020
R8 =0x0000000000000030, R9 =0x0000000000000006, R10=0x0000000000000000, R11=0x0000000020e86020
R12=0x0000000000000000, R13=0x000000005f180000, R14=0x0000000000000000, R15=0x00000000207c5e18
RIP=0x000000006004a420, EFLAGS=0x0000000000010283

Top of Stack: (sp=0x000000000324ed18)
0x000000000324ed18:   000000005fb3ea6a 0000000000000030
0x000000000324ed28:   00000000037f1394 000000000324eda0
0x000000000324ed38:   000000005f9b296b 0000000003352800
0x000000000324ed48:   0000000000000006 0000000000000000
0x000000000324ed58:   000000000003810b 00000000207c5e18
0x000000000324ed68:   000000005fb3f854 00000000207c5080
0x000000000324ed78:   0000000000000004 0000000000000000
0x000000000324ed88:   00007ffd6a756ff8 0000000003352800
0x000000000324ed98:   000000000324ee18 0000000000000000
0x000000000324eda8:   0000000000000000 0000000000000000
0x000000000324edb8:   00000000037f2c0f 0000000000000030
0x000000000324edc8:   000000000324ee30 0000000000000000
0x000000000324edd8:   0000000000000000 0000000000000006
0x000000000324ede8:   0000000000000000 00000007c003d948
0x000000000324edf8:   0000000800010000 00000006c0f47ad0
0x000000000324ee08:   00000000ffffffff 0000000000000008 

Instructions: (pc=0x000000006004a420)
0x000000006004a400:   29 41 c0 0f 29 49 d0 0f 10 44 0a e0 0f 10 4c 0a
0x000000006004a410:   f0 75 ad 0f 29 41 e0 49 83 e0 7f 0f 28 c1 eb 0c
0x000000006004a420:   0f 10 04 0a 48 83 c1 10 49 83 e8 10 4d 8b c8 49
0x000000006004a430:   c1 e9 04 74 1c 66 66 66 0f 1f 84 00 00 00 00 00 


Register to memory mapping:

RAX=0x0000000000000030 is an unknown value
RBX=0x00000000207c5e98 is an unknown value
RCX=0x0000000020e86020 is an unknown value
RDX=0xffffffffdf179fe0 is an unknown value
RSP=0x000000000324ed18 is pointing into the stack for thread: 0x0000000003352800
RBP=0x0000000000000101 is an unknown value
RSI=0x0000000000000006 is an unknown value
RDI=0x0000000020e86020 is an unknown value
R8 =0x0000000000000030 is an unknown value
R9 =0x0000000000000006 is an unknown value
R10=0x0000000000000000 is an unknown value
R11=0x0000000020e86020 is an unknown value
R12=0x0000000000000000 is an unknown value
R13=0x000000005f180000 is an unknown value
R14=0x0000000000000000 is an unknown value
R15=0x00000000207c5e18 is an unknown value


Stack: [0x0000000003150000,0x0000000003250000],  sp=0x000000000324ed18,  free space=1019k
Native frames: (J=compiled Java code, j=interpreted, Vv=VM code, C=native code)
C  [nvoglv64.dll+0xeca420]
C  [nvoglv64.dll+0x9bea6a]
C  [nvoglv64.dll+0x9bf854]
C  0x00000000037f2c0f

Java frames: (J=compiled Java code, j=interpreted, Vv=VM code)
J 954  org.lwjgl.opengl.GL11.glDrawArrays(III)V (0 bytes) @ 0x00000000037f2b89 [0x00000000037f2b40+0x49]
J 1063 C2 drawing.BaseDrawing.drawRectangle(Ldrawing/Position;IILdrawing/Texture;ZLgameMap/Scaling;)V (49 bytes) @ 0x000000000382652c [0x0000000003826120+0x40c]
J 1114 C1 drawing.DrawHandler.drawAll(Lplayer/Player;LgameMap/GameMap;Lgame/GameState;ILjava/lang/String;Ljava/util/HashMap;)V (194 bytes) @ 0x00000000038431dc [0x0000000003842d80+0x45c]
J 1103 C1 game.Game.updateAll()V (81 bytes) @ 0x00000000038381f4 [0x0000000003837c80+0x574]
j  Main.showWindow()V+158
j  Main.main([Ljava/lang/String;)V+0
v  ~StubRoutines::call_stub

---------------  P R O C E S S  ---------------

Java Threads: ( => current thread )
  0x000000001ee67800 JavaThread "Java2D Disposer" daemon [_thread_blocked, id=2580, stack(0x0000000027af0000,0x0000000027bf0000)]
  0x000000001e11c800 JavaThread "Service Thread" daemon [_thread_blocked, id=11460, stack(0x000000001e810000,0x000000001e910000)]
  0x000000001e10a000 JavaThread "C1 CompilerThread2" daemon [_thread_blocked, id=8208, stack(0x000000001e710000,0x000000001e810000)]
  0x000000001e0a9000 JavaThread "C2 CompilerThread1" daemon [_thread_blocked, id=4756, stack(0x000000001e610000,0x000000001e710000)]
  0x000000001e08c800 JavaThread "C2 CompilerThread0" daemon [_thread_blocked, id=9804, stack(0x000000001e510000,0x000000001e610000)]
  0x000000001e0a6800 JavaThread "Monitor Ctrl-Break" daemon [_thread_in_native, id=1492, stack(0x000000001e410000,0x000000001e510000)]
  0x000000001ca9d800 JavaThread "Attach Listener" daemon [_thread_blocked, id=416, stack(0x000000001df10000,0x000000001e010000)]
  0x000000001ca9c800 JavaThread "Signal Dispatcher" daemon [_thread_blocked, id=1480, stack(0x000000001de10000,0x000000001df10000)]
  0x0000000003449000 JavaThread "Finalizer" daemon [_thread_blocked, id=2004, stack(0x000000001dd10000,0x000000001de10000)]
  0x0000000003440800 JavaThread "Reference Handler" daemon [_thread_blocked, id=8580, stack(0x000000001dc10000,0x000000001dd10000)]
=>0x0000000003352800 JavaThread "main" [_thread_in_native, id=9968, stack(0x0000000003150000,0x0000000003250000)]

Other Threads:
  0x000000001ca65800 VMThread [stack: 0x000000001db10000,0x000000001dc10000] [id=1496]
  0x000000001e154000 WatcherThread [stack: 0x000000001e910000,0x000000001ea10000] [id=12104]

VM state:not at safepoint (normal execution)

VM Mutex/Monitor currently owned by a thread: None

Heap:
 PSYoungGen      total 28160K, used 5175K [0x000000076af80000, 0x000000076d300000, 0x00000007c0000000)
  eden space 26112K, 11% used [0x000000076af80000,0x000000076b28dfe8,0x000000076c900000)
  from space 2048K, 100% used [0x000000076cd00000,0x000000076cf00000,0x000000076cf00000)
  to   space 4096K, 0% used [0x000000076c900000,0x000000076c900000,0x000000076cd00000)
 ParOldGen       total 260608K, used 10060K [0x00000006c0e00000, 0x00000006d0c80000, 0x000000076af80000)
  object space 260608K, 3% used [0x00000006c0e00000,0x00000006c17d3028,0x00000006d0c80000)
 Metaspace       used 10789K, capacity 10975K, committed 11264K, reserved 1058816K
  class space    used 955K, capacity 998K, committed 1024K, reserved 1048576K

Card table byte_map: [0x0000000012810000,0x0000000013010000] byte_map_base: 0x000000000f209000

Marking Bits: (ParMarkBitMap*) 0x00000000621013b0
 Begin Bits: [0x0000000013970000, 0x0000000017938000)
 End Bits:   [0x0000000017938000, 0x000000001b900000)

Polling page: 0x0000000001780000

CodeCache: size=245760Kb used=4095Kb max_used=4099Kb free=241664Kb
 bounds [0x0000000003450000, 0x0000000003860000, 0x0000000012450000]
 total_blobs=2039 nmethods=1140 adapters=813
 compilation: enabled

Compilation events (10 events):
Event: 13.759 Thread 0x000000001e0a9000 nmethod 1137 0x0000000003850410 code [0x0000000003850560, 0x0000000003850898]
Event: 13.759 Thread 0x000000001e0a9000 1136       4       java.nio.DirectByteBuffer$Deallocator::run (37 bytes)
Event: 13.759 Thread 0x000000001e08c800 nmethod 1135 0x000000000384f990 code [0x000000000384fb20, 0x00000000038501c8]
Event: 13.760 Thread 0x000000001e0a9000 nmethod 1136 0x000000000384f3d0 code [0x000000000384f540, 0x000000000384f888]
Event: 14.644 Thread 0x000000001e10a000 1138       3       helper.PixelRelative::getWidth (14 bytes)
Event: 14.644 Thread 0x000000001e10a000 nmethod 1138 0x000000000384efd0 code [0x000000000384f140, 0x000000000384f2c8]
Event: 15.244 Thread 0x000000001e10a000 1139       1       drawing.button.AbstractButton::setPos (6 bytes)
Event: 15.244 Thread 0x000000001e10a000 nmethod 1139 0x0000000003851b90 code [0x0000000003851ce0, 0x0000000003851e10]
Event: 15.294 Thread 0x000000001e10a000 1140       3       drawing.uiDrawing.UIDrawing::drawMainMenu (160 bytes)
Event: 15.295 Thread 0x000000001e10a000 nmethod 1140 0x0000000003854350 code [0x00000000038545e0, 0x0000000003855388]

GC Heap History (10 events):
Event: 1.483 GC heap before
{Heap before GC invocations=12 (full 0):
 PSYoungGen      total 8192K, used 8026K [0x000000076af80000, 0x000000076bd00000, 0x00000007c0000000)
  eden space 6656K, 100% used [0x000000076af80000,0x000000076b600000,0x000000076b600000)
  from space 1536K, 89% used [0x000000076b600000,0x000000076b756a70,0x000000076b780000)
  to   space 1536K, 0% used [0x000000076bb80000,0x000000076bb80000,0x000000076bd00000)
 ParOldGen       total 260608K, used 1911K [0x00000006c0e00000, 0x00000006d0c80000, 0x000000076af80000)
  object space 260608K, 0% used [0x00000006c0e00000,0x00000006c0fddf68,0x00000006d0c80000)
 Metaspace       used 10392K, capacity 10623K, committed 10752K, reserved 1058816K
  class space    used 915K, capacity 966K, committed 1024K, reserved 1048576K
Event: 1.485 GC heap after
Heap after GC invocations=12 (full 0):
 PSYoungGen      total 12288K, used 1184K [0x000000076af80000, 0x000000076bd00000, 0x00000007c0000000)
  eden space 10752K, 0% used [0x000000076af80000,0x000000076af80000,0x000000076ba00000)
  from space 1536K, 77% used [0x000000076bb80000,0x000000076bca8010,0x000000076bd00000)
  to   space 1536K, 0% used [0x000000076ba00000,0x000000076ba00000,0x000000076bb80000)
 ParOldGen       total 260608K, used 4548K [0x00000006c0e00000, 0x00000006d0c80000, 0x000000076af80000)
  object space 260608K, 1% used [0x00000006c0e00000,0x00000006c1271028,0x00000006d0c80000)
 Metaspace       used 10392K, capacity 10623K, committed 10752K, reserved 1058816K
  class space    used 915K, capacity 966K, committed 1024K, reserved 1048576K
}
Event: 1.550 GC heap before
{Heap before GC invocations=13 (full 0):
 PSYoungGen      total 12288K, used 11936K [0x000000076af80000, 0x000000076bd00000, 0x00000007c0000000)
  eden space 10752K, 100% used [0x000000076af80000,0x000000076ba00000,0x000000076ba00000)
  from space 1536K, 77% used [0x000000076bb80000,0x000000076bca8010,0x000000076bd00000)
  to   space 1536K, 0% used [0x000000076ba00000,0x000000076ba00000,0x000000076bb80000)
 ParOldGen       total 260608K, used 4548K [0x00000006c0e00000, 0x00000006d0c80000, 0x000000076af80000)
  object space 260608K, 1% used [0x00000006c0e00000,0x00000006c1271028,0x00000006d0c80000)
 Metaspace       used 10474K, capacity 10687K, committed 11008K, reserved 1058816K
  class space    used 919K, capacity 966K, committed 1024K, reserved 1048576K
Event: 1.550 GC heap after
Heap after GC invocations=13 (full 0):
 PSYoungGen      total 12288K, used 128K [0x000000076af80000, 0x000000076c480000, 0x00000007c0000000)
  eden space 10752K, 0% used [0x000000076af80000,0x000000076af80000,0x000000076ba00000)
  from space 1536K, 8% used [0x000000076ba00000,0x000000076ba20000,0x000000076bb80000)
  to   space 2048K, 0% used [0x000000076c280000,0x000000076c280000,0x000000076c480000)
 ParOldGen       total 260608K, used 4564K [0x00000006c0e00000, 0x00000006d0c80000, 0x000000076af80000)
  object space 260608K, 1% used [0x00000006c0e00000,0x00000006c1275028,0x00000006d0c80000)
 Metaspace       used 10474K, capacity 10687K, committed 11008K, reserved 1058816K
  class space    used 919K, capacity 966K, committed 1024K, reserved 1048576K
}
Event: 1.560 GC heap before
{Heap before GC invocations=14 (full 0):
 PSYoungGen      total 12288K, used 10880K [0x000000076af80000, 0x000000076c480000, 0x00000007c0000000)
  eden space 10752K, 100% used [0x000000076af80000,0x000000076ba00000,0x000000076ba00000)
  from space 1536K, 8% used [0x000000076ba00000,0x000000076ba20000,0x000000076bb80000)
  to   space 2048K, 0% used [0x000000076c280000,0x000000076c280000,0x000000076c480000)
 ParOldGen       total 260608K, used 4564K [0x00000006c0e00000, 0x00000006d0c80000, 0x000000076af80000)
  object space 260608K, 1% used [0x00000006c0e00000,0x00000006c1275028,0x00000006d0c80000)
 Metaspace       used 10493K, capacity 10687K, committed 11008K, reserved 1058816K
  class space    used 920K, capacity 966K, committed 1024K, reserved 1048576K
Event: 1.561 GC heap after
Heap after GC invocations=14 (full 0):
 PSYoungGen      total 19456K, used 192K [0x000000076af80000, 0x000000076c480000, 0x00000007c0000000)
  eden space 17408K, 0% used [0x000000076af80000,0x000000076af80000,0x000000076c080000)
  from space 2048K, 9% used [0x000000076c280000,0x000000076c2b0000,0x000000076c480000)
  to   space 2048K, 0% used [0x000000076c080000,0x000000076c080000,0x000000076c280000)
 ParOldGen       total 260608K, used 4612K [0x00000006c0e00000, 0x00000006d0c80000, 0x000000076af80000)
  object space 260608K, 1% used [0x00000006c0e00000,0x00000006c1281028,0x00000006d0c80000)
 Metaspace       used 10493K, capacity 10687K, committed 11008K, reserved 1058816K
  class space    used 920K, capacity 966K, committed 1024K, reserved 1048576K
}
Event: 2.322 GC heap before
{Heap before GC invocations=15 (full 0):
 PSYoungGen      total 19456K, used 17600K [0x000000076af80000, 0x000000076c480000, 0x00000007c0000000)
  eden space 17408K, 100% used [0x000000076af80000,0x000000076c080000,0x000000076c080000)
  from space 2048K, 9% used [0x000000076c280000,0x000000076c2b0000,0x000000076c480000)
  to   space 2048K, 0% used [0x000000076c080000,0x000000076c080000,0x000000076c280000)
 ParOldGen       total 260608K, used 4612K [0x00000006c0e00000, 0x00000006d0c80000, 0x000000076af80000)
  object space 260608K, 1% used [0x00000006c0e00000,0x00000006c1281028,0x00000006d0c80000)
 Metaspace       used 10745K, capacity 10911K, committed 11008K, reserved 1058816K
  class space    used 953K, capacity 998K, committed 1024K, reserved 1048576K
Event: 2.323 GC heap after
Heap after GC invocations=15 (full 0):
 PSYoungGen      total 19456K, used 833K [0x000000076af80000, 0x000000076cf00000, 0x00000007c0000000)
  eden space 17408K, 0% used [0x000000076af80000,0x000000076af80000,0x000000076c080000)
  from space 2048K, 40% used [0x000000076c080000,0x000000076c150738,0x000000076c280000)
  to   space 2048K, 0% used [0x000000076cd00000,0x000000076cd00000,0x000000076cf00000)
 ParOldGen       total 260608K, used 4684K [0x00000006c0e00000, 0x00000006d0c80000, 0x000000076af80000)
  object space 260608K, 1% used [0x00000006c0e00000,0x00000006c1293028,0x00000006d0c80000)
 Metaspace       used 10745K, capacity 10911K, committed 11008K, reserved 1058816K
  class space    used 953K, capacity 998K, committed 1024K, reserved 1048576K
}
Event: 13.744 GC heap before
{Heap before GC invocations=16 (full 0):
 PSYoungGen      total 19456K, used 18241K [0x000000076af80000, 0x000000076cf00000, 0x00000007c0000000)
  eden space 17408K, 100% used [0x000000076af80000,0x000000076c080000,0x000000076c080000)
  from space 2048K, 40% used [0x000000076c080000,0x000000076c150738,0x000000076c280000)
  to   space 2048K, 0% used [0x000000076cd00000,0x000000076cd00000,0x000000076cf00000)
 ParOldGen       total 260608K, used 4684K [0x00000006c0e00000, 0x00000006d0c80000, 0x000000076af80000)
  object space 260608K, 1% used [0x00000006c0e00000,0x00000006c1293028,0x00000006d0c80000)
 Metaspace       used 10789K, capacity 10975K, committed 11264K, reserved 1058816K
  class space    used 955K, capacity 998K, committed 1024K, reserved 1048576K
Event: 13.755 GC heap after
Heap after GC invocations=16 (full 0):
 PSYoungGen      total 28160K, used 2048K [0x000000076af80000, 0x000000076d300000, 0x00000007c0000000)
  eden space 26112K, 0% used [0x000000076af80000,0x000000076af80000,0x000000076c900000)
  from space 2048K, 100% used [0x000000076cd00000,0x000000076cf00000,0x000000076cf00000)
  to   space 4096K, 0% used [0x000000076c900000,0x000000076c900000,0x000000076cd00000)
 ParOldGen       total 260608K, used 10060K [0x00000006c0e00000, 0x00000006d0c80000, 0x000000076af80000)
  object space 260608K, 3% used [0x00000006c0e00000,0x00000006c17d3028,0x00000006d0c80000)
 Metaspace       used 10789K, capacity 10975K, committed 11264K, reserved 1058816K
  class space    used 955K, capacity 998K, committed 1024K, reserved 1048576K
}

Deoptimization events (4 events):
Event: 1.509 Thread 0x0000000003352800 Uncommon trap: reason=class_check action=maybe_recompile pc=0x00000000037586a4 method=java.awt.image.BufferedImage.getRGB(IIII[III)[I @ 205
Event: 1.510 Thread 0x0000000003352800 Uncommon trap: reason=class_check action=maybe_recompile pc=0x0000000003748848 method=java.awt.image.BufferedImage.getRGB(IIII[III)[I @ 205
Event: 1.510 Thread 0x0000000003352800 Uncommon trap: reason=class_check action=maybe_recompile pc=0x0000000003748848 method=java.awt.image.BufferedImage.getRGB(IIII[III)[I @ 205
Event: 1.510 Thread 0x0000000003352800 Uncommon trap: reason=class_check action=maybe_recompile pc=0x0000000003748848 method=java.awt.image.BufferedImage.getRGB(IIII[III)[I @ 205

Internal exceptions (10 events):
Event: 2.296 Thread 0x0000000003352800 Exception <a 'java/security/PrivilegedActionException'> (0x000000076bf40288) thrown at [D:\re\workspace\8-2-build-windows-amd64-cygwin\jdk8u5\2488\hotspot\src\share\vm\prims\jvm.cpp, line 1248]
Event: 2.297 Thread 0x0000000003352800 Exception <a 'java/security/PrivilegedActionException'> (0x000000076bf462a8) thrown at [D:\re\workspace\8-2-build-windows-amd64-cygwin\jdk8u5\2488\hotspot\src\share\vm\prims\jvm.cpp, line 1248]
Event: 2.297 Thread 0x0000000003352800 Exception <a 'java/security/PrivilegedActionException'> (0x000000076bf4ca90) thrown at [D:\re\workspace\8-2-build-windows-amd64-cygwin\jdk8u5\2488\hotspot\src\share\vm\prims\jvm.cpp, line 1248]
Event: 2.300 Thread 0x0000000003352800 Exception <a 'java/security/PrivilegedActionException'> (0x000000076bf89578) thrown at [D:\re\workspace\8-2-build-windows-amd64-cygwin\jdk8u5\2488\hotspot\src\share\vm\prims\jvm.cpp, line 1248]
Event: 2.300 Thread 0x0000000003352800 Exception <a 'java/security/PrivilegedActionException'> (0x000000076bf945f0) thrown at [D:\re\workspace\8-2-build-windows-amd64-cygwin\jdk8u5\2488\hotspot\src\share\vm\prims\jvm.cpp, line 1248]
Event: 2.300 Thread 0x0000000003352800 Exception <a 'java/security/PrivilegedActionException'> (0x000000076bf96850) thrown at [D:\re\workspace\8-2-build-windows-amd64-cygwin\jdk8u5\2488\hotspot\src\share\vm\prims\jvm.cpp, line 1248]
Event: 2.301 Thread 0x0000000003352800 Exception <a 'java/security/PrivilegedActionException'> (0x000000076bf98a00) thrown at [D:\re\workspace\8-2-build-windows-amd64-cygwin\jdk8u5\2488\hotspot\src\share\vm\prims\jvm.cpp, line 1248]
Event: 2.614 Thread 0x0000000003352800 Exception <a 'java/security/PrivilegedActionException'> (0x000000076b2b3540) thrown at [D:\re\workspace\8-2-build-windows-amd64-cygwin\jdk8u5\2488\hotspot\src\share\vm\prims\jvm.cpp, line 1248]
Event: 2.614 Thread 0x0000000003352800 Exception <a 'java/security/PrivilegedActionException'> (0x000000076b2b5660) thrown at [D:\re\workspace\8-2-build-windows-amd64-cygwin\jdk8u5\2488\hotspot\src\share\vm\prims\jvm.cpp, line 1248]
Event: 2.615 Thread 0x0000000003352800 Exception <a 'java/security/PrivilegedActionException'> (0x000000076b2b78a0) thrown at [D:\re\workspace\8-2-build-windows-amd64-cygwin\jdk8u5\2488\hotspot\src\share\vm\prims\jvm.cpp, line 1248]

Events (10 events):
Event: 2.614 loading class helper/Direction
Event: 2.614 loading class helper/Direction done
Event: 2.615 loading class mob/Mob$1
Event: 2.615 loading class mob/Mob$1 done
Event: 4.168 Executing VM operation: EnableBiasedLocking
Event: 4.169 Executing VM operation: EnableBiasedLocking done
Event: 4.961 Thread 0x0000000003352800 DEOPT PACKING pc=0x00000000038230a4 sp=0x000000000324eff0
Event: 4.961 Thread 0x0000000003352800 DEOPT UNPACKING pc=0x0000000003497604 sp=0x000000000324ed18 mode 0
Event: 13.744 Executing VM operation: ParallelGCFailedAllocation
Event: 13.755 Executing VM operation: ParallelGCFailedAllocation done


Dynamic libraries:
0x00007ff602ec0000 - 0x00007ff602ef4000 	D:\Programme\Java\jdk1.8.0_05\bin\java.exe
0x00007ffd6a740000 - 0x00007ffd6a921000 	C:\WINDOWS\SYSTEM32\ntdll.dll
0x00007ffd69f20000 - 0x00007ffd69fd2000 	C:\WINDOWS\System32\KERNEL32.DLL
0x00007ffd677d0000 - 0x00007ffd67a43000 	C:\WINDOWS\System32\KERNELBASE.dll
0x00007ffd69fe0000 - 0x00007ffd6a081000 	C:\WINDOWS\System32\ADVAPI32.dll
0x00007ffd69970000 - 0x00007ffd69a0e000 	C:\WINDOWS\System32\msvcrt.dll
0x00007ffd6a580000 - 0x00007ffd6a5db000 	C:\WINDOWS\System32\sechost.dll
0x00007ffd67fe0000 - 0x00007ffd68104000 	C:\WINDOWS\System32\RPCRT4.dll
0x00007ffd67d10000 - 0x00007ffd67ea0000 	C:\WINDOWS\System32\USER32.dll
0x00007ffd67220000 - 0x00007ffd67240000 	C:\WINDOWS\System32\win32u.dll
0x00007ffd6a5f0000 - 0x00007ffd6a618000 	C:\WINDOWS\System32\GDI32.dll
0x00007ffd67430000 - 0x00007ffd675c2000 	C:\WINDOWS\System32\gdi32full.dll
0x00007ffd67680000 - 0x00007ffd6771f000 	C:\WINDOWS\System32\msvcp_win.dll
0x00007ffd67a50000 - 0x00007ffd67b48000 	C:\WINDOWS\System32\ucrtbase.dll
0x00007ffd56090000 - 0x00007ffd562f9000 	C:\WINDOWS\WinSxS\amd64_microsoft.windows.common-controls_6595b64144ccf1df_6.0.17134.648_none_fb45a0e93062a6d2\COMCTL32.dll
0x00007ffd69560000 - 0x00007ffd69882000 	C:\WINDOWS\System32\combase.dll
0x00007ffd67b50000 - 0x00007ffd67bca000 	C:\WINDOWS\System32\bcryptPrimitives.dll
0x00007ffd67ea0000 - 0x00007ffd67ecd000 	C:\WINDOWS\System32\IMM32.DLL
0x0000000062180000 - 0x0000000062252000 	D:\Programme\Java\jdk1.8.0_05\jre\bin\msvcr100.dll
0x0000000061950000 - 0x000000006217a000 	D:\Programme\Java\jdk1.8.0_05\jre\bin\server\jvm.dll
0x00007ffd67bd0000 - 0x00007ffd67bd8000 	C:\WINDOWS\System32\PSAPI.DLL
0x00007ffd62290000 - 0x00007ffd62299000 	C:\WINDOWS\SYSTEM32\WSOCK32.dll
0x00007ffd69a30000 - 0x00007ffd69a9c000 	C:\WINDOWS\System32\WS2_32.dll
0x00007ffd64890000 - 0x00007ffd648b3000 	C:\WINDOWS\SYSTEM32\WINMM.dll
0x00007ffd64820000 - 0x00007ffd6484a000 	C:\WINDOWS\SYSTEM32\WINMMBASE.dll
0x00007ffd67720000 - 0x00007ffd67769000 	C:\WINDOWS\System32\cfgmgr32.dll
0x0000000061940000 - 0x000000006194f000 	D:\Programme\Java\jdk1.8.0_05\jre\bin\verify.dll
0x0000000061910000 - 0x0000000061938000 	D:\Programme\Java\jdk1.8.0_05\jre\bin\java.dll
0x0000000061850000 - 0x0000000061873000 	D:\Programme\Java\jdk1.8.0_05\jre\bin\instrument.dll
0x00000000618f0000 - 0x0000000061906000 	D:\Programme\Java\jdk1.8.0_05\jre\bin\zip.dll
0x00007ffd68110000 - 0x00007ffd69550000 	C:\WINDOWS\System32\SHELL32.dll
0x00007ffd67f30000 - 0x00007ffd67fd9000 	C:\WINDOWS\System32\shcore.dll
0x00007ffd66b10000 - 0x00007ffd6721d000 	C:\WINDOWS\System32\windows.storage.dll
0x00007ffd67ed0000 - 0x00007ffd67f21000 	C:\WINDOWS\System32\shlwapi.dll
0x00007ffd66a80000 - 0x00007ffd66a91000 	C:\WINDOWS\System32\kernel.appcore.dll
0x00007ffd66a60000 - 0x00007ffd66a7f000 	C:\WINDOWS\System32\profapi.dll
0x00007ffd66aa0000 - 0x00007ffd66aec000 	C:\WINDOWS\System32\powrprof.dll
0x00007ffd66a50000 - 0x00007ffd66a5a000 	C:\WINDOWS\System32\FLTLIB.DLL
0x00007ffd631e0000 - 0x00007ffd631fa000 	C:\Program Files\JetBrains\IntelliJ IDEA Community Edition 2018.3.5\bin\breakgen64.dll
0x00000000618a0000 - 0x00000000618ba000 	D:\Programme\Java\jdk1.8.0_05\jre\bin\net.dll
0x00007ffd66270000 - 0x00007ffd662d6000 	C:\WINDOWS\system32\mswsock.dll
0x0000000061880000 - 0x0000000061891000 	D:\Programme\Java\jdk1.8.0_05\jre\bin\nio.dll
0x00007ffd51d60000 - 0x00007ffd51dbb000 	C:\Users\Andreas\AppData\Local\Temp\lwjglAndreas\3.1.6-build-14\lwjgl.dll
0x00007ffd50fc0000 - 0x00007ffd51011000 	C:\Users\Andreas\AppData\Local\Temp\lwjglAndreas\3.1.6-build-14\glfw.dll
0x00007ffd64b30000 - 0x00007ffd64bc8000 	C:\WINDOWS\system32\uxtheme.dll
0x00007ffd66860000 - 0x00007ffd66887000 	C:\WINDOWS\SYSTEM32\DEVOBJ.dll
0x00007ffd64e00000 - 0x00007ffd64e29000 	C:\WINDOWS\SYSTEM32\dwmapi.dll
0x00007ffd5a120000 - 0x00007ffd5a199000 	C:\WINDOWS\SYSTEM32\inputhost.dll
0x00007ffd64650000 - 0x00007ffd6472a000 	C:\WINDOWS\SYSTEM32\CoreMessaging.dll
0x00007ffd623d0000 - 0x00007ffd6251d000 	C:\WINDOWS\SYSTEM32\wintypes.dll
0x00007ffd625a0000 - 0x00007ffd628be000 	C:\WINDOWS\SYSTEM32\CoreUIComponents.dll
0x00007ffd65b40000 - 0x00007ffd65b71000 	C:\WINDOWS\SYSTEM32\ntmarta.dll
0x00007ffd69aa0000 - 0x00007ffd69c13000 	C:\WINDOWS\System32\MSCTF.dll
0x00007ffd67be0000 - 0x00007ffd67ca3000 	C:\WINDOWS\System32\OLEAUT32.dll
0x00007ffd6a130000 - 0x00007ffd6a57b000 	C:\WINDOWS\System32\SETUPAPI.DLL
0x00007ffd67770000 - 0x00007ffd677c7000 	C:\WINDOWS\System32\WINTRUST.dll
0x00007ffd66af0000 - 0x00007ffd66b02000 	C:\WINDOWS\System32\MSASN1.dll
0x00007ffd67240000 - 0x00007ffd67422000 	C:\WINDOWS\System32\CRYPT32.dll
0x00007ffd31b10000 - 0x00007ffd31c30000 	C:\WINDOWS\SYSTEM32\opengl32.dll
0x00007ffd32ea0000 - 0x00007ffd32ecc000 	C:\WINDOWS\SYSTEM32\GLU32.dll
0x000000005f180000 - 0x0000000061842000 	C:\WINDOWS\System32\DriverStore\FileRepository\nv_dispi.inf_amd64_4aa19ae78d94d8a3\nvoglv64.dll
0x00007ffd69c20000 - 0x00007ffd69d71000 	C:\WINDOWS\System32\ole32.dll
0x00007ffd632b0000 - 0x00007ffd632c3000 	C:\WINDOWS\SYSTEM32\WTSAPI32.dll
0x00007ffd65470000 - 0x00007ffd6547a000 	C:\WINDOWS\SYSTEM32\VERSION.dll
0x00007ffd66330000 - 0x00007ffd66386000 	C:\WINDOWS\SYSTEM32\WINSTA.dll
0x00007ffd5a1a0000 - 0x00007ffd5a236000 	C:\WINDOWS\System32\TextInputFramework.dll
0x00007ffd50230000 - 0x00007ffd5028f000 	C:\Users\Andreas\AppData\Local\Temp\lwjglAndreas\3.1.6-build-14\lwjgl_opengl.dll
0x000000005efe0000 - 0x000000005f176000 	D:\Programme\Java\jdk1.8.0_05\jre\bin\awt.dll
0x00007ffd649a0000 - 0x00007ffd64a2b000 	C:\WINDOWS\SYSTEM32\apphelp.dll
0x00007ffd50310000 - 0x00007ffd504d9000 	C:\WINDOWS\SYSTEM32\dbghelp.dll

VM Arguments:
jvm_args: -javaagent:C:\Program Files\JetBrains\IntelliJ IDEA Community Edition 2018.3.5\lib\idea_rt.jar=50785:C:\Program Files\JetBrains\IntelliJ IDEA Community Edition 2018.3.5\bin -Dfile.encoding=UTF-8 
java_command: Main
java_class_path (initial): D:\Programme\Java\jdk1.8.0_05\jre\lib\charsets.jar;D:\Programme\Java\jdk1.8.0_05\jre\lib\deploy.jar;D:\Programme\Java\jdk1.8.0_05\jre\lib\ext\access-bridge-64.jar;D:\Programme\Java\jdk1.8.0_05\jre\lib\ext\cldrdata.jar;D:\Programme\Java\jdk1.8.0_05\jre\lib\ext\dnsns.jar;D:\Programme\Java\jdk1.8.0_05\jre\lib\ext\jaccess.jar;D:\Programme\Java\jdk1.8.0_05\jre\lib\ext\jfxrt.jar;D:\Programme\Java\jdk1.8.0_05\jre\lib\ext\localedata.jar;D:\Programme\Java\jdk1.8.0_05\jre\lib\ext\nashorn.jar;D:\Programme\Java\jdk1.8.0_05\jre\lib\ext\sunec.jar;D:\Programme\Java\jdk1.8.0_05\jre\lib\ext\sunjce_provider.jar;D:\Programme\Java\jdk1.8.0_05\jre\lib\ext\sunmscapi.jar;D:\Programme\Java\jdk1.8.0_05\jre\lib\ext\sunpkcs11.jar;D:\Programme\Java\jdk1.8.0_05\jre\lib\ext\zipfs.jar;D:\Programme\Java\jdk1.8.0_05\jre\lib\javaws.jar;D:\Programme\Java\jdk1.8.0_05\jre\lib\jce.jar;D:\Programme\Java\jdk1.8.0_05\jre\lib\jfr.jar;D:\Programme\Java\jdk1.8.0_05\jre\lib\jfxswt.jar;D:\Programme\Java\jdk1.8.0_05\jre\lib\jsse.jar;D:\Programme\Java\jdk1.8.0_05\jre\lib\management-agent.jar;D:\Programme\Java\jdk1.8.0_05\jre\lib\plugin.jar;D:\Programme\Java\jdk1.8.0_05\jre\lib\resources.jar;D:\Programme\Java\jdk1.8.0_05\jre\lib\rt.jar;D:\Projekte\TheGame\MyGame\bin;D:\Projekte\TheGame\lib;D:\Projekte\TheGame\lib\lwjgl\lwjgl-javadoc.jar;D:\Projekte\TheGame\lib\lwjgl\lwjgl-natives-linux.jar;D:\Projekte\TheGame\lib\lwjgl\lwjgl-natives-macos.jar;D:\Projekte\TheGame\lib\lwjgl\lwjgl-natives-windows.jar;D:\Projekte\TheGame\lib\lwjgl\lwjgl-sources.jar;D:\Projekte\TheGame\lib\lwjgl\lwjgl.jar;D:\Projekte\TheGame\lib\lwjgl-assimp\lwjgl-assimp-javadoc.jar;D:\Projekte\TheGame\lib\lwjgl-assimp\lwjgl-assimp-natives-linux.jar;D:\Projekte\TheGame\lib\lwjgl-assimp\lwjgl-assimp-natives-macos.jar;D:\Projekte\TheGame\lib\lwjgl-assimp\lwjgl-assimp-natives-windows.jar;D:\Projekte\TheGame\lib\lwjgl-assimp\lwjgl-assimp-sources.jar;D:\Projekte\TheGame\lib\lwjgl-assimp\lwjgl-assimp.jar;D:\Projekte\TheGame\lib\l
Launcher Type: SUN_STANDARD

Environment Variables:
JAVA_HOME=D:\Programme\Java\jdk1.8.0_05
PATH=C:\WINDOWS\system32;C:\WINDOWS;C:\WINDOWS\System32\Wbem;C:\WINDOWS\System32\WindowsPowerShell\v1.0\;C:\Program Files (x86)\NVIDIA Corporation\PhysX\Common;C:\WINDOWS\system32;C:\WINDOWS;C:\WINDOWS\System32\Wbem;C:\WINDOWS\System32\WindowsPowerShell\v1.0\;C:\Program Files\Git\cmd;D:\Programme\Java\jdk1.8.0_05\lib;;C:\WINDOWS\System32\OpenSSH\;C:\Users\Andreas\AppData\Local\Microsoft\WindowsApps;
USERNAME=Andreas
OS=Windows_NT
PROCESSOR_IDENTIFIER=Intel64 Family 6 Model 60 Stepping 3, GenuineIntel



---------------  S Y S T E M  ---------------

OS: Windows 8.1 , 64 bit Build 9600 

CPU:total 4 (4 cores per cpu, 1 threads per core) family 6 model 60 stepping 3, cmov, cx8, fxsr, mmx, sse, sse2, sse3, ssse3, sse4.1, sse4.2, popcnt, avx, avx2, aes, clmul, erms, tsc, tscinvbit

Memory: 4k page, physical 16713364k(12385160k free), swap 19203732k(11761184k free)

vm_info: Java HotSpot(TM) 64-Bit Server VM (25.5-b02) for windows-amd64 JRE (1.8.0_05-b13), built on Mar 18 2014 01:08:39 by "java_re" with MS VC++ 10.0 (VS2010)

time: Sun Mar 24 15:01:04 2019
elapsed time: 15 seconds

