#
# A fatal error has been detected by the Java Runtime Environment:
#
#  EXCEPTION_ACCESS_VIOLATION (0xc0000005) at pc=0x000000006227a420, pid=9672, tid=4744
#
# JRE version: Java(TM) SE Runtime Environment (8.0_05-b13) (build 1.8.0_05-b13)
# Java VM: Java HotSpot(TM) 64-Bit Server VM (25.5-b02 mixed mode windows-amd64 compressed oops)
# Problematic frame:
# C  [nvoglv64.dll+0xeca420]
#
# Failed to write core dump. Minidumps are not enabled by default on client versions of Windows
#
# If you would like to submit a bug report, please visit:
#   http://bugreport.sun.com/bugreport/crash.jsp
# The crash happened outside the Java Virtual Machine in native code.
# See problematic frame for where to report the bug.
#

---------------  T H R E A D  ---------------

Current thread (0x0000000003402800):  JavaThread "main" [_thread_in_native, id=4744, stack(0x0000000003200000,0x0000000003300000)]

siginfo: ExceptionCode=0xc0000005, reading address 0x0000000000000000

Registers:
RAX=0x0000000000000030, RBX=0x00000000207d7e98, RCX=0x000000002113fc54, RDX=0xffffffffdeec03ac
RSP=0x00000000032ff3e8, RBP=0x0000000000000101, RSI=0x0000000000000006, RDI=0x000000002113fc54
R8 =0x0000000000000030, R9 =0x0000000000000006, R10=0x0000000000000000, R11=0x000000002113fc54
R12=0x0000000000000000, R13=0x00000000613b0000, R14=0x0000000000000000, R15=0x00000000207d7e18
RIP=0x000000006227a420, EFLAGS=0x0000000000010283

Top of Stack: (sp=0x00000000032ff3e8)
0x00000000032ff3e8:   0000000061d6ea6a 0000000000000030
0x00000000032ff3f8:   00000000038bad54 00000000032ff470
0x00000000032ff408:   0000000061be296b 0000000003402800
0x00000000032ff418:   0000000000000006 0000000000000000
0x00000000032ff428:   000000000003810b 00000000207d7e18
0x00000000032ff438:   0000000061d6f854 00000000207d7080
0x00000000032ff448:   0000000000000004 0000000000000000
0x00000000032ff458:   00007ff983ae6ff8 0000000003402800
0x00000000032ff468:   00000000032ff4e8 0000000000000000
0x00000000032ff478:   0000000000000000 0000000000000000
0x00000000032ff488:   00000000038bc24f 0000000000000030
0x00000000032ff498:   00000000032ff500 0000000000000000
0x00000000032ff4a8:   0000000000000000 0000000000000006
0x00000000032ff4b8:   0000000000000000 00000007c003d948
0x00000000032ff4c8:   0000000800010000 00000006c0f53328
0x00000000032ff4d8:   00000000ffffffff 0000000000000008 

Instructions: (pc=0x000000006227a420)
0x000000006227a400:   29 41 c0 0f 29 49 d0 0f 10 44 0a e0 0f 10 4c 0a
0x000000006227a410:   f0 75 ad 0f 29 41 e0 49 83 e0 7f 0f 28 c1 eb 0c
0x000000006227a420:   0f 10 04 0a 48 83 c1 10 49 83 e8 10 4d 8b c8 49
0x000000006227a430:   c1 e9 04 74 1c 66 66 66 0f 1f 84 00 00 00 00 00 


Register to memory mapping:

RAX=0x0000000000000030 is an unknown value
RBX=0x00000000207d7e98 is an unknown value
RCX=0x000000002113fc54 is an unknown value
RDX=0xffffffffdeec03ac is an unknown value
RSP=0x00000000032ff3e8 is pointing into the stack for thread: 0x0000000003402800
RBP=0x0000000000000101 is an unknown value
RSI=0x0000000000000006 is an unknown value
RDI=0x000000002113fc54 is an unknown value
R8 =0x0000000000000030 is an unknown value
R9 =0x0000000000000006 is an unknown value
R10=0x0000000000000000 is an unknown value
R11=0x000000002113fc54 is an unknown value
R12=0x0000000000000000 is an unknown value
R13=0x00000000613b0000 is an unknown value
R14=0x0000000000000000 is an unknown value
R15=0x00000000207d7e18 is an unknown value


Stack: [0x0000000003200000,0x0000000003300000],  sp=0x00000000032ff3e8,  free space=1020k
Native frames: (J=compiled Java code, j=interpreted, Vv=VM code, C=native code)
C  [nvoglv64.dll+0xeca420]
C  [nvoglv64.dll+0x9bea6a]
C  [nvoglv64.dll+0x9bf854]
C  0x00000000038bc24f

Java frames: (J=compiled Java code, j=interpreted, Vv=VM code)
J 989  org.lwjgl.opengl.GL11.glDrawArrays(III)V (0 bytes) @ 0x00000000038bc1c9 [0x00000000038bc180+0x49]
J 1081 C2 drawing.BaseDrawing.drawRectangle(Ldrawing/Position;IILdrawing/Texture;ZLgameMap/Scaling;)V (49 bytes) @ 0x00000000038e8fec [0x00000000038e8be0+0x40c]
J 1141 C1 drawing.DrawHandler.drawAll(Lplayer/Player;LgameMap/GameMap;Lgame/GameState;Lgame/DisplayState;ILjava/util/ArrayList;Ljava/lang/String;Z)V (174 bytes) @ 0x0000000003908f4c [0x0000000003908ae0+0x46c]
J 1140 C1 game.Game.updateAll()V (193 bytes) @ 0x0000000003907fa4 [0x00000000039076e0+0x8c4]
j  Main.showWindow()V+158
j  Main.main([Ljava/lang/String;)V+0
v  ~StubRoutines::call_stub

---------------  P R O C E S S  ---------------

Java Threads: ( => current thread )
  0x000000001ef36800 JavaThread "Java2D Disposer" daemon [_thread_blocked, id=12272, stack(0x0000000027a00000,0x0000000027b00000)]
  0x000000001e1a7000 JavaThread "Service Thread" daemon [_thread_blocked, id=11836, stack(0x000000001e8b0000,0x000000001e9b0000)]
  0x000000001e1a3800 JavaThread "C1 CompilerThread2" daemon [_thread_blocked, id=8628, stack(0x000000001e7b0000,0x000000001e8b0000)]
  0x000000001e143800 JavaThread "C2 CompilerThread1" daemon [_thread_blocked, id=4848, stack(0x000000001e6b0000,0x000000001e7b0000)]
  0x000000001e143000 JavaThread "C2 CompilerThread0" daemon [_thread_blocked, id=3000, stack(0x000000001e5b0000,0x000000001e6b0000)]
  0x000000001e12d800 JavaThread "Monitor Ctrl-Break" daemon [_thread_in_native, id=1504, stack(0x000000001e4b0000,0x000000001e5b0000)]
  0x000000001cb4c000 JavaThread "Attach Listener" daemon [_thread_blocked, id=10476, stack(0x000000001dfb0000,0x000000001e0b0000)]
  0x000000001cb4a800 JavaThread "Signal Dispatcher" daemon [_thread_blocked, id=1628, stack(0x000000001deb0000,0x000000001dfb0000)]
  0x00000000034f6000 JavaThread "Finalizer" daemon [_thread_blocked, id=3596, stack(0x000000001ddb0000,0x000000001deb0000)]
  0x00000000034ed800 JavaThread "Reference Handler" daemon [_thread_blocked, id=2464, stack(0x000000001dcb0000,0x000000001ddb0000)]
=>0x0000000003402800 JavaThread "main" [_thread_in_native, id=4744, stack(0x0000000003200000,0x0000000003300000)]

Other Threads:
  0x000000001cb16000 VMThread [stack: 0x000000001dbb0000,0x000000001dcb0000] [id=12240]
  0x000000001e1af000 WatcherThread [stack: 0x000000001e9b0000,0x000000001eab0000] [id=3704]

VM state:not at safepoint (normal execution)

VM Mutex/Monitor currently owned by a thread: None

Heap:
 PSYoungGen      total 40960K, used 39820K [0x000000076af80000, 0x000000076eb80000, 0x00000007c0000000)
  eden space 34304K, 96% used [0x000000076af80000,0x000000076cfe3108,0x000000076d100000)
  from space 6656K, 100% used [0x000000076dc00000,0x000000076e280000,0x000000076e280000)
  to   space 11264K, 0% used [0x000000076d100000,0x000000076d100000,0x000000076dc00000)
 ParOldGen       total 260608K, used 24114K [0x00000006c0e00000, 0x00000006d0c80000, 0x000000076af80000)
  object space 260608K, 9% used [0x00000006c0e00000,0x00000006c258c898,0x00000006d0c80000)
 Metaspace       used 10780K, capacity 10975K, committed 11264K, reserved 1058816K
  class space    used 953K, capacity 998K, committed 1024K, reserved 1048576K

Card table byte_map: [0x00000000128c0000,0x00000000130c0000] byte_map_base: 0x000000000f2b9000

Marking Bits: (ParMarkBitMap*) 0x00000000643113b0
 Begin Bits: [0x0000000013a20000, 0x00000000179e8000)
 End Bits:   [0x00000000179e8000, 0x000000001b9b0000)

Polling page: 0x0000000001340000

CodeCache: size=245760Kb used=4273Kb max_used=4283Kb free=241486Kb
 bounds [0x0000000003500000, 0x0000000003940000, 0x0000000012500000]
 total_blobs=2072 nmethods=1172 adapters=814
 compilation: enabled

Compilation events (10 events):
Event: 9.855 Thread 0x000000001e1a3800 1167 % !   3       java.lang.ref.Reference$ReferenceHandler::run @ 0 (102 bytes)
Event: 9.856 Thread 0x000000001e1a3800 nmethod 1167% 0x0000000003927e50 code [0x00000000039280c0, 0x0000000003928fd8]
Event: 9.856 Thread 0x000000001e1a3800 1168   !   3       java.lang.ref.Reference$ReferenceHandler::run (102 bytes)
Event: 9.856 Thread 0x000000001e1a3800 nmethod 1168 0x0000000003929690 code [0x00000000039298e0, 0x000000000392a7b8]
Event: 9.864 Thread 0x000000001e143000 1169 % !   4       java.lang.ref.Reference$ReferenceHandler::run @ 0 (102 bytes)
Event: 9.868 Thread 0x000000001e143000 nmethod 1169% 0x000000000392e410 code [0x000000000392e5a0, 0x000000000392eee8]
Event: 10.649 Thread 0x000000001e1a3800 1170       3       org.lwjgl.system.dyncall.DynCallback::dcbArgDouble (16 bytes)
Event: 10.649 Thread 0x000000001e1a3800 nmethod 1170 0x000000000392ded0 code [0x000000000392e060, 0x000000000392e2f8]
Event: 12.999 Thread 0x000000001e143800 1172       4       drawing.text.TextDrawing::drawText (142 bytes)
Event: 13.029 Thread 0x000000001e143800 nmethod 1172 0x000000000392f350 code [0x000000000392f660, 0x0000000003930f58]

GC Heap History (10 events):
Event: 1.640 GC heap before
{Heap before GC invocations=14 (full 0):
 PSYoungGen      total 12288K, used 11998K [0x000000076af80000, 0x000000076c480000, 0x00000007c0000000)
  eden space 10752K, 100% used [0x000000076af80000,0x000000076ba00000,0x000000076ba00000)
  from space 1536K, 81% used [0x000000076ba00000,0x000000076bb37af0,0x000000076bb80000)
  to   space 2048K, 0% used [0x000000076c280000,0x000000076c280000,0x000000076c480000)
 ParOldGen       total 260608K, used 4598K [0x00000006c0e00000, 0x00000006d0c80000, 0x000000076af80000)
  object space 260608K, 1% used [0x00000006c0e00000,0x00000006c127d888,0x00000006d0c80000)
 Metaspace       used 10477K, capacity 10687K, committed 11008K, reserved 1058816K
  class space    used 919K, capacity 966K, committed 1024K, reserved 1048576K
Event: 1.640 GC heap after
Heap after GC invocations=14 (full 0):
 PSYoungGen      total 19456K, used 160K [0x000000076af80000, 0x000000076c480000, 0x00000007c0000000)
  eden space 17408K, 0% used [0x000000076af80000,0x000000076af80000,0x000000076c080000)
  from space 2048K, 7% used [0x000000076c280000,0x000000076c2a8000,0x000000076c480000)
  to   space 2048K, 0% used [0x000000076c080000,0x000000076c080000,0x000000076c280000)
 ParOldGen       total 260608K, used 4630K [0x00000006c0e00000, 0x00000006d0c80000, 0x000000076af80000)
  object space 260608K, 1% used [0x00000006c0e00000,0x00000006c1285888,0x00000006d0c80000)
 Metaspace       used 10477K, capacity 10687K, committed 11008K, reserved 1058816K
  class space    used 919K, capacity 966K, committed 1024K, reserved 1048576K
}
Event: 1.658 GC heap before
{Heap before GC invocations=15 (full 0):
 PSYoungGen      total 19456K, used 17568K [0x000000076af80000, 0x000000076c480000, 0x00000007c0000000)
  eden space 17408K, 100% used [0x000000076af80000,0x000000076c080000,0x000000076c080000)
  from space 2048K, 7% used [0x000000076c280000,0x000000076c2a8000,0x000000076c480000)
  to   space 2048K, 0% used [0x000000076c080000,0x000000076c080000,0x000000076c280000)
 ParOldGen       total 260608K, used 4630K [0x00000006c0e00000, 0x00000006d0c80000, 0x000000076af80000)
  object space 260608K, 1% used [0x00000006c0e00000,0x00000006c1285888,0x00000006d0c80000)
 Metaspace       used 10500K, capacity 10687K, committed 11008K, reserved 1058816K
  class space    used 920K, capacity 966K, committed 1024K, reserved 1048576K
Event: 1.659 GC heap after
Heap after GC invocations=15 (full 0):
 PSYoungGen      total 19456K, used 224K [0x000000076af80000, 0x000000076cf00000, 0x00000007c0000000)
  eden space 17408K, 0% used [0x000000076af80000,0x000000076af80000,0x000000076c080000)
  from space 2048K, 10% used [0x000000076c080000,0x000000076c0b8000,0x000000076c280000)
  to   space 2048K, 0% used [0x000000076cd00000,0x000000076cd00000,0x000000076cf00000)
 ParOldGen       total 260608K, used 4662K [0x00000006c0e00000, 0x00000006d0c80000, 0x000000076af80000)
  object space 260608K, 1% used [0x00000006c0e00000,0x00000006c128d888,0x00000006d0c80000)
 Metaspace       used 10500K, capacity 10687K, committed 11008K, reserved 1058816K
  class space    used 920K, capacity 966K, committed 1024K, reserved 1048576K
}
Event: 2.997 GC heap before
{Heap before GC invocations=16 (full 0):
 PSYoungGen      total 19456K, used 17632K [0x000000076af80000, 0x000000076cf00000, 0x00000007c0000000)
  eden space 17408K, 100% used [0x000000076af80000,0x000000076c080000,0x000000076c080000)
  from space 2048K, 10% used [0x000000076c080000,0x000000076c0b8000,0x000000076c280000)
  to   space 2048K, 0% used [0x000000076cd00000,0x000000076cd00000,0x000000076cf00000)
 ParOldGen       total 260608K, used 4662K [0x00000006c0e00000, 0x00000006d0c80000, 0x000000076af80000)
  object space 260608K, 1% used [0x00000006c0e00000,0x00000006c128d888,0x00000006d0c80000)
 Metaspace       used 10747K, capacity 10911K, committed 11008K, reserved 1058816K
  class space    used 953K, capacity 998K, committed 1024K, reserved 1048576K
Event: 3.000 GC heap after
Heap after GC invocations=16 (full 0):
 PSYoungGen      total 29696K, used 2048K [0x000000076af80000, 0x000000076d000000, 0x00000007c0000000)
  eden space 27648K, 0% used [0x000000076af80000,0x000000076af80000,0x000000076ca80000)
  from space 2048K, 100% used [0x000000076cd00000,0x000000076cf00000,0x000000076cf00000)
  to   space 2560K, 0% used [0x000000076ca80000,0x000000076ca80000,0x000000076cd00000)
 ParOldGen       total 260608K, used 5062K [0x00000006c0e00000, 0x00000006d0c80000, 0x000000076af80000)
  object space 260608K, 1% used [0x00000006c0e00000,0x00000006c12f1888,0x00000006d0c80000)
 Metaspace       used 10747K, capacity 10911K, committed 11008K, reserved 1058816K
  class space    used 953K, capacity 998K, committed 1024K, reserved 1048576K
}
Event: 6.279 GC heap before
{Heap before GC invocations=17 (full 0):
 PSYoungGen      total 29696K, used 29696K [0x000000076af80000, 0x000000076d000000, 0x00000007c0000000)
  eden space 27648K, 100% used [0x000000076af80000,0x000000076ca80000,0x000000076ca80000)
  from space 2048K, 100% used [0x000000076cd00000,0x000000076cf00000,0x000000076cf00000)
  to   space 2560K, 0% used [0x000000076ca80000,0x000000076ca80000,0x000000076cd00000)
 ParOldGen       total 260608K, used 5062K [0x00000006c0e00000, 0x00000006d0c80000, 0x000000076af80000)
  object space 260608K, 1% used [0x00000006c0e00000,0x00000006c12f1888,0x00000006d0c80000)
 Metaspace       used 10775K, capacity 10975K, committed 11264K, reserved 1058816K
  class space    used 953K, capacity 998K, committed 1024K, reserved 1048576K
Event: 6.296 GC heap after
Heap after GC invocations=17 (full 0):
 PSYoungGen      total 30208K, used 2560K [0x000000076af80000, 0x000000076e280000, 0x00000007c0000000)
  eden space 27648K, 0% used [0x000000076af80000,0x000000076af80000,0x000000076ca80000)
  from space 2560K, 100% used [0x000000076ca80000,0x000000076cd00000,0x000000076cd00000)
  to   space 6656K, 0% used [0x000000076dc00000,0x000000076dc00000,0x000000076e280000)
 ParOldGen       total 260608K, used 15098K [0x00000006c0e00000, 0x00000006d0c80000, 0x000000076af80000)
  object space 260608K, 5% used [0x00000006c0e00000,0x00000006c1cbe898,0x00000006d0c80000)
 Metaspace       used 10775K, capacity 10975K, committed 11264K, reserved 1058816K
  class space    used 953K, capacity 998K, committed 1024K, reserved 1048576K
}
Event: 9.830 GC heap before
{Heap before GC invocations=18 (full 0):
 PSYoungGen      total 30208K, used 30208K [0x000000076af80000, 0x000000076e280000, 0x00000007c0000000)
  eden space 27648K, 100% used [0x000000076af80000,0x000000076ca80000,0x000000076ca80000)
  from space 2560K, 100% used [0x000000076ca80000,0x000000076cd00000,0x000000076cd00000)
  to   space 6656K, 0% used [0x000000076dc00000,0x000000076dc00000,0x000000076e280000)
 ParOldGen       total 260608K, used 15098K [0x00000006c0e00000, 0x00000006d0c80000, 0x000000076af80000)
  object space 260608K, 5% used [0x00000006c0e00000,0x00000006c1cbe898,0x00000006d0c80000)
 Metaspace       used 10778K, capacity 10975K, committed 11264K, reserved 1058816K
  class space    used 953K, capacity 998K, committed 1024K, reserved 1048576K
Event: 9.853 GC heap after
Heap after GC invocations=18 (full 0):
 PSYoungGen      total 40960K, used 6656K [0x000000076af80000, 0x000000076eb80000, 0x00000007c0000000)
  eden space 34304K, 0% used [0x000000076af80000,0x000000076af80000,0x000000076d100000)
  from space 6656K, 100% used [0x000000076dc00000,0x000000076e280000,0x000000076e280000)
  to   space 11264K, 0% used [0x000000076d100000,0x000000076d100000,0x000000076dc00000)
 ParOldGen       total 260608K, used 24114K [0x00000006c0e00000, 0x00000006d0c80000, 0x000000076af80000)
  object space 260608K, 9% used [0x00000006c0e00000,0x00000006c258c898,0x00000006d0c80000)
 Metaspace       used 10778K, capacity 10975K, committed 11264K, reserved 1058816K
  class space    used 953K, capacity 998K, committed 1024K, reserved 1048576K
}

Deoptimization events (6 events):
Event: 1.525 Thread 0x0000000003402800 Uncommon trap: reason=class_check action=maybe_recompile pc=0x0000000003803a64 method=java.awt.image.BufferedImage.getRGB(IIII[III)[I @ 205
Event: 1.525 Thread 0x0000000003402800 Uncommon trap: reason=class_check action=maybe_recompile pc=0x00000000037f3ac8 method=java.awt.image.BufferedImage.getRGB(IIII[III)[I @ 205
Event: 1.525 Thread 0x0000000003402800 Uncommon trap: reason=class_check action=maybe_recompile pc=0x00000000037f3ac8 method=java.awt.image.BufferedImage.getRGB(IIII[III)[I @ 205
Event: 1.526 Thread 0x0000000003402800 Uncommon trap: reason=class_check action=maybe_recompile pc=0x00000000037f3ac8 method=java.awt.image.BufferedImage.getRGB(IIII[III)[I @ 205
Event: 1.613 Thread 0x0000000003402800 Uncommon trap: reason=class_check action=maybe_recompile pc=0x0000000003803a64 method=java.awt.image.BufferedImage.getRGB(IIII[III)[I @ 205
Event: 9.873 Thread 0x00000000034ed800 Uncommon trap: reason=unreached action=reinterpret pc=0x000000000392eea8 method=java.lang.ref.Reference$ReferenceHandler.run()V @ 9

Internal exceptions (10 events):
Event: 2.519 Thread 0x0000000003402800 Exception <a 'java/security/PrivilegedActionException'> (0x000000076bb299e0) thrown at [D:\re\workspace\8-2-build-windows-amd64-cygwin\jdk8u5\2488\hotspot\src\share\vm\prims\jvm.cpp, line 1248]
Event: 2.520 Thread 0x0000000003402800 Exception <a 'java/security/PrivilegedActionException'> (0x000000076bb34a98) thrown at [D:\re\workspace\8-2-build-windows-amd64-cygwin\jdk8u5\2488\hotspot\src\share\vm\prims\jvm.cpp, line 1248]
Event: 2.520 Thread 0x0000000003402800 Exception <a 'java/security/PrivilegedActionException'> (0x000000076bb36a88) thrown at [D:\re\workspace\8-2-build-windows-amd64-cygwin\jdk8u5\2488\hotspot\src\share\vm\prims\jvm.cpp, line 1248]
Event: 2.520 Thread 0x0000000003402800 Exception <a 'java/security/PrivilegedActionException'> (0x000000076bb39a90) thrown at [D:\re\workspace\8-2-build-windows-amd64-cygwin\jdk8u5\2488\hotspot\src\share\vm\prims\jvm.cpp, line 1248]
Event: 2.521 Thread 0x0000000003402800 Exception <a 'java/security/PrivilegedActionException'> (0x000000076bb3cbb8) thrown at [D:\re\workspace\8-2-build-windows-amd64-cygwin\jdk8u5\2488\hotspot\src\share\vm\prims\jvm.cpp, line 1248]
Event: 2.521 Thread 0x0000000003402800 Exception <a 'java/security/PrivilegedActionException'> (0x000000076bb3ed68) thrown at [D:\re\workspace\8-2-build-windows-amd64-cygwin\jdk8u5\2488\hotspot\src\share\vm\prims\jvm.cpp, line 1248]
Event: 2.714 Thread 0x0000000003402800 Exception <a 'java/security/PrivilegedActionException'> (0x000000076be54500) thrown at [D:\re\workspace\8-2-build-windows-amd64-cygwin\jdk8u5\2488\hotspot\src\share\vm\prims\jvm.cpp, line 1248]
Event: 2.715 Thread 0x0000000003402800 Exception <a 'java/security/PrivilegedActionException'> (0x000000076be56818) thrown at [D:\re\workspace\8-2-build-windows-amd64-cygwin\jdk8u5\2488\hotspot\src\share\vm\prims\jvm.cpp, line 1248]
Event: 2.715 Thread 0x0000000003402800 Exception <a 'java/security/PrivilegedActionException'> (0x000000076be58a58) thrown at [D:\re\workspace\8-2-build-windows-amd64-cygwin\jdk8u5\2488\hotspot\src\share\vm\prims\jvm.cpp, line 1248]
Event: 9.873 Thread 0x00000000034ed800 Implicit null exception at 0x000000000392e70c to 0x000000000392ee99

Events (10 events):
Event: 6.296 Executing VM operation: ParallelGCFailedAllocation done
Event: 6.830 Thread 0x0000000003402800 DEOPT PACKING pc=0x00000000038fd0e5 sp=0x00000000032ff420
Event: 6.830 Thread 0x0000000003402800 DEOPT UNPACKING pc=0x0000000003547604 sp=0x00000000032ff1f0 mode 0
Event: 9.830 Executing VM operation: ParallelGCFailedAllocation
Event: 9.853 Executing VM operation: ParallelGCFailedAllocation done
Event: 9.869 Thread 0x00000000034ed800 DEOPT PACKING pc=0x0000000003928e46 sp=0x000000001ddaf1d0
Event: 9.869 Thread 0x00000000034ed800 DEOPT UNPACKING pc=0x0000000003547604 sp=0x000000001ddaef20 mode 0
Event: 9.873 Thread 0x00000000034ed800 Uncommon trap: trap_request=0xffffffad fr.pc=0x000000000392eea8
Event: 9.873 Thread 0x00000000034ed800 DEOPT PACKING pc=0x000000000392eea8 sp=0x000000001ddaf1f0
Event: 9.873 Thread 0x00000000034ed800 DEOPT UNPACKING pc=0x00000000035455af sp=0x000000001ddaf198 mode 2


Dynamic libraries:
0x00007ff66c090000 - 0x00007ff66c0c4000 	D:\Programme\Java\jdk1.8.0_05\bin\java.exe
0x00007ff983ad0000 - 0x00007ff983cb1000 	C:\WINDOWS\SYSTEM32\ntdll.dll
0x00007ff983200000 - 0x00007ff9832b2000 	C:\WINDOWS\System32\KERNEL32.DLL
0x00007ff980ce0000 - 0x00007ff980f53000 	C:\WINDOWS\System32\KERNELBASE.dll
0x00007ff9836d0000 - 0x00007ff983771000 	C:\WINDOWS\System32\ADVAPI32.dll
0x00007ff981750000 - 0x00007ff9817ee000 	C:\WINDOWS\System32\msvcrt.dll
0x00007ff983a40000 - 0x00007ff983a9b000 	C:\WINDOWS\System32\sechost.dll
0x00007ff9815b0000 - 0x00007ff9816d4000 	C:\WINDOWS\System32\RPCRT4.dll
0x00007ff9833e0000 - 0x00007ff983570000 	C:\WINDOWS\System32\USER32.dll
0x00007ff97ff00000 - 0x00007ff97ff20000 	C:\WINDOWS\System32\win32u.dll
0x00007ff980fc0000 - 0x00007ff980fe8000 	C:\WINDOWS\System32\GDI32.dll
0x00007ff9807a0000 - 0x00007ff980932000 	C:\WINDOWS\System32\gdi32full.dll
0x00007ff97ff20000 - 0x00007ff97ffbf000 	C:\WINDOWS\System32\msvcp_win.dll
0x00007ff980be0000 - 0x00007ff980cd8000 	C:\WINDOWS\System32\ucrtbase.dll
0x00007ff971bc0000 - 0x00007ff971e29000 	C:\WINDOWS\WinSxS\amd64_microsoft.windows.common-controls_6595b64144ccf1df_6.0.17134.648_none_fb45a0e93062a6d2\COMCTL32.dll
0x00007ff982e50000 - 0x00007ff983172000 	C:\WINDOWS\System32\combase.dll
0x00007ff980720000 - 0x00007ff98079a000 	C:\WINDOWS\System32\bcryptPrimitives.dll
0x00007ff9832c0000 - 0x00007ff9832ed000 	C:\WINDOWS\System32\IMM32.DLL
0x0000000064390000 - 0x0000000064462000 	D:\Programme\Java\jdk1.8.0_05\jre\bin\msvcr100.dll
0x0000000063b60000 - 0x000000006438a000 	D:\Programme\Java\jdk1.8.0_05\jre\bin\server\jvm.dll
0x00007ff980ff0000 - 0x00007ff980ff8000 	C:\WINDOWS\System32\PSAPI.DLL
0x00007ff96f7f0000 - 0x00007ff96f7f9000 	C:\WINDOWS\SYSTEM32\WSOCK32.dll
0x00007ff97deb0000 - 0x00007ff97ded3000 	C:\WINDOWS\SYSTEM32\WINMM.dll
0x00007ff983920000 - 0x00007ff98398c000 	C:\WINDOWS\System32\WS2_32.dll
0x00007ff97de50000 - 0x00007ff97de7a000 	C:\WINDOWS\SYSTEM32\WINMMBASE.dll
0x00007ff97ffc0000 - 0x00007ff980009000 	C:\WINDOWS\System32\cfgmgr32.dll
0x0000000063b50000 - 0x0000000063b5f000 	D:\Programme\Java\jdk1.8.0_05\jre\bin\verify.dll
0x0000000063b20000 - 0x0000000063b48000 	D:\Programme\Java\jdk1.8.0_05\jre\bin\java.dll
0x0000000063a80000 - 0x0000000063aa3000 	D:\Programme\Java\jdk1.8.0_05\jre\bin\instrument.dll
0x0000000063b00000 - 0x0000000063b16000 	D:\Programme\Java\jdk1.8.0_05\jre\bin\zip.dll
0x00007ff9817f0000 - 0x00007ff982c30000 	C:\WINDOWS\System32\SHELL32.dll
0x00007ff983990000 - 0x00007ff983a39000 	C:\WINDOWS\System32\shcore.dll
0x00007ff980010000 - 0x00007ff98071d000 	C:\WINDOWS\System32\windows.storage.dll
0x00007ff981000000 - 0x00007ff981051000 	C:\WINDOWS\System32\shlwapi.dll
0x00007ff97fe60000 - 0x00007ff97fe71000 	C:\WINDOWS\System32\kernel.appcore.dll
0x00007ff97fde0000 - 0x00007ff97fdff000 	C:\WINDOWS\System32\profapi.dll
0x00007ff97fe10000 - 0x00007ff97fe5c000 	C:\WINDOWS\System32\powrprof.dll
0x00007ff97fe00000 - 0x00007ff97fe0a000 	C:\WINDOWS\System32\FLTLIB.DLL
0x00007ff971930000 - 0x00007ff97194a000 	C:\Program Files\JetBrains\IntelliJ IDEA Community Edition 2018.3.5\bin\breakgen64.dll
0x0000000063ae0000 - 0x0000000063afa000 	D:\Programme\Java\jdk1.8.0_05\jre\bin\net.dll
0x00007ff97f600000 - 0x00007ff97f666000 	C:\WINDOWS\system32\mswsock.dll
0x0000000063ac0000 - 0x0000000063ad1000 	D:\Programme\Java\jdk1.8.0_05\jre\bin\nio.dll
0x00007ff96fae0000 - 0x00007ff96fb3b000 	C:\Users\Andreas\AppData\Local\Temp\lwjglAndreas\3.1.6-build-14\lwjgl.dll
0x00007ff9680c0000 - 0x00007ff968111000 	C:\Users\Andreas\AppData\Local\Temp\lwjglAndreas\3.1.6-build-14\glfw.dll
0x00007ff97e160000 - 0x00007ff97e1f8000 	C:\WINDOWS\system32\uxtheme.dll
0x00007ff97fbf0000 - 0x00007ff97fc17000 	C:\WINDOWS\SYSTEM32\DEVOBJ.dll
0x00007ff97e3b0000 - 0x00007ff97e3d9000 	C:\WINDOWS\SYSTEM32\dwmapi.dll
0x00007ff978650000 - 0x00007ff9786c9000 	C:\WINDOWS\SYSTEM32\inputhost.dll
0x00007ff97dc80000 - 0x00007ff97dd5a000 	C:\WINDOWS\SYSTEM32\CoreMessaging.dll
0x00007ff97b740000 - 0x00007ff97b88d000 	C:\WINDOWS\SYSTEM32\wintypes.dll
0x00007ff97b890000 - 0x00007ff97bbae000 	C:\WINDOWS\SYSTEM32\CoreUIComponents.dll
0x00007ff97eed0000 - 0x00007ff97ef01000 	C:\WINDOWS\SYSTEM32\ntmarta.dll
0x00007ff982c30000 - 0x00007ff982da3000 	C:\WINDOWS\System32\MSCTF.dll
0x00007ff981060000 - 0x00007ff981123000 	C:\WINDOWS\System32\OLEAUT32.dll
0x00007ff981160000 - 0x00007ff9815ab000 	C:\WINDOWS\System32\SETUPAPI.DLL
0x00007ff97fea0000 - 0x00007ff97fef7000 	C:\WINDOWS\System32\WINTRUST.dll
0x00007ff97fe80000 - 0x00007ff97fe92000 	C:\WINDOWS\System32\MSASN1.dll
0x00007ff980940000 - 0x00007ff980b22000 	C:\WINDOWS\System32\CRYPT32.dll
0x00007ff954410000 - 0x00007ff954530000 	C:\WINDOWS\SYSTEM32\opengl32.dll
0x00007ff97aeb0000 - 0x00007ff97aedc000 	C:\WINDOWS\SYSTEM32\GLU32.dll
0x00000000613b0000 - 0x0000000063a72000 	C:\WINDOWS\System32\DriverStore\FileRepository\nv_dispi.inf_amd64_4aa19ae78d94d8a3\nvoglv64.dll
0x00007ff983570000 - 0x00007ff9836c1000 	C:\WINDOWS\System32\ole32.dll
0x00007ff97c8e0000 - 0x00007ff97c8f3000 	C:\WINDOWS\SYSTEM32\WTSAPI32.dll
0x00007ff97e950000 - 0x00007ff97e95a000 	C:\WINDOWS\SYSTEM32\VERSION.dll
0x00007ff97f7e0000 - 0x00007ff97f836000 	C:\WINDOWS\SYSTEM32\WINSTA.dll
0x00007ff9786d0000 - 0x00007ff978766000 	C:\WINDOWS\System32\TextInputFramework.dll
0x00007ff967750000 - 0x00007ff9677af000 	C:\Users\Andreas\AppData\Local\Temp\lwjglAndreas\3.1.6-build-14\lwjgl_opengl.dll
0x0000000061210000 - 0x00000000613a6000 	D:\Programme\Java\jdk1.8.0_05\jre\bin\awt.dll
0x00007ff97dfd0000 - 0x00007ff97e05b000 	C:\WINDOWS\SYSTEM32\apphelp.dll
0x00007ff96b5e0000 - 0x00007ff96b7a9000 	C:\WINDOWS\SYSTEM32\dbghelp.dll

VM Arguments:
jvm_args: -javaagent:C:\Program Files\JetBrains\IntelliJ IDEA Community Edition 2018.3.5\lib\idea_rt.jar=51450:C:\Program Files\JetBrains\IntelliJ IDEA Community Edition 2018.3.5\bin -Dfile.encoding=UTF-8 
java_command: Main
java_class_path (initial): D:\Programme\Java\jdk1.8.0_05\jre\lib\charsets.jar;D:\Programme\Java\jdk1.8.0_05\jre\lib\deploy.jar;D:\Programme\Java\jdk1.8.0_05\jre\lib\ext\access-bridge-64.jar;D:\Programme\Java\jdk1.8.0_05\jre\lib\ext\cldrdata.jar;D:\Programme\Java\jdk1.8.0_05\jre\lib\ext\dnsns.jar;D:\Programme\Java\jdk1.8.0_05\jre\lib\ext\jaccess.jar;D:\Programme\Java\jdk1.8.0_05\jre\lib\ext\jfxrt.jar;D:\Programme\Java\jdk1.8.0_05\jre\lib\ext\localedata.jar;D:\Programme\Java\jdk1.8.0_05\jre\lib\ext\nashorn.jar;D:\Programme\Java\jdk1.8.0_05\jre\lib\ext\sunec.jar;D:\Programme\Java\jdk1.8.0_05\jre\lib\ext\sunjce_provider.jar;D:\Programme\Java\jdk1.8.0_05\jre\lib\ext\sunmscapi.jar;D:\Programme\Java\jdk1.8.0_05\jre\lib\ext\sunpkcs11.jar;D:\Programme\Java\jdk1.8.0_05\jre\lib\ext\zipfs.jar;D:\Programme\Java\jdk1.8.0_05\jre\lib\javaws.jar;D:\Programme\Java\jdk1.8.0_05\jre\lib\jce.jar;D:\Programme\Java\jdk1.8.0_05\jre\lib\jfr.jar;D:\Programme\Java\jdk1.8.0_05\jre\lib\jfxswt.jar;D:\Programme\Java\jdk1.8.0_05\jre\lib\jsse.jar;D:\Programme\Java\jdk1.8.0_05\jre\lib\management-agent.jar;D:\Programme\Java\jdk1.8.0_05\jre\lib\plugin.jar;D:\Programme\Java\jdk1.8.0_05\jre\lib\resources.jar;D:\Programme\Java\jdk1.8.0_05\jre\lib\rt.jar;D:\Projekte\TheGame\MyGame\bin;D:\Projekte\TheGame\lib;D:\Projekte\TheGame\lib\lwjgl\lwjgl-javadoc.jar;D:\Projekte\TheGame\lib\lwjgl\lwjgl-natives-linux.jar;D:\Projekte\TheGame\lib\lwjgl\lwjgl-natives-macos.jar;D:\Projekte\TheGame\lib\lwjgl\lwjgl-natives-windows.jar;D:\Projekte\TheGame\lib\lwjgl\lwjgl-sources.jar;D:\Projekte\TheGame\lib\lwjgl\lwjgl.jar;D:\Projekte\TheGame\lib\lwjgl-assimp\lwjgl-assimp-javadoc.jar;D:\Projekte\TheGame\lib\lwjgl-assimp\lwjgl-assimp-natives-linux.jar;D:\Projekte\TheGame\lib\lwjgl-assimp\lwjgl-assimp-natives-macos.jar;D:\Projekte\TheGame\lib\lwjgl-assimp\lwjgl-assimp-natives-windows.jar;D:\Projekte\TheGame\lib\lwjgl-assimp\lwjgl-assimp-sources.jar;D:\Projekte\TheGame\lib\lwjgl-assimp\lwjgl-assimp.jar;D:\Projekte\TheGame\lib\l
Launcher Type: SUN_STANDARD

Environment Variables:
JAVA_HOME=D:\Programme\Java\jdk1.8.0_05
PATH=C:\WINDOWS\system32;C:\WINDOWS;C:\WINDOWS\System32\Wbem;C:\WINDOWS\System32\WindowsPowerShell\v1.0\;C:\Program Files (x86)\NVIDIA Corporation\PhysX\Common;C:\WINDOWS\system32;C:\WINDOWS;C:\WINDOWS\System32\Wbem;C:\WINDOWS\System32\WindowsPowerShell\v1.0\;C:\Program Files\Git\cmd;D:\Programme\Java\jdk1.8.0_05\lib;;C:\WINDOWS\System32\OpenSSH\;C:\Users\Andreas\AppData\Local\Microsoft\WindowsApps;
USERNAME=Andreas
OS=Windows_NT
PROCESSOR_IDENTIFIER=Intel64 Family 6 Model 60 Stepping 3, GenuineIntel



---------------  S Y S T E M  ---------------

OS: Windows 8.1 , 64 bit Build 9600 

CPU:total 4 (4 cores per cpu, 1 threads per core) family 6 model 60 stepping 3, cmov, cx8, fxsr, mmx, sse, sse2, sse3, ssse3, sse4.1, sse4.2, popcnt, avx, avx2, aes, clmul, erms, tsc, tscinvbit

Memory: 4k page, physical 16713364k(11455448k free), swap 19203732k(11506008k free)

vm_info: Java HotSpot(TM) 64-Bit Server VM (25.5-b02) for windows-amd64 JRE (1.8.0_05-b13), built on Mar 18 2014 01:08:39 by "java_re" with MS VC++ 10.0 (VS2010)

time: Sun Mar 17 17:44:04 2019
elapsed time: 14 seconds

