#
# A fatal error has been detected by the Java Runtime Environment:
#
#  EXCEPTION_ACCESS_VIOLATION (0xc0000005) at pc=0x000000006227a420, pid=1180, tid=7940
#
# JRE version: Java(TM) SE Runtime Environment (8.0_05-b13) (build 1.8.0_05-b13)
# Java VM: Java HotSpot(TM) 64-Bit Server VM (25.5-b02 mixed mode windows-amd64 compressed oops)
# Problematic frame:
# C  [nvoglv64.dll+0xeca420]
#
# Failed to write core dump. Minidumps are not enabled by default on client versions of Windows
#
# If you would like to submit a bug report, please visit:
#   http://bugreport.sun.com/bugreport/crash.jsp
# The crash happened outside the Java Virtual Machine in native code.
# See problematic frame for where to report the bug.
#

---------------  T H R E A D  ---------------

Current thread (0x0000000002a92800):  JavaThread "main" [_thread_in_native, id=7940, stack(0x0000000002890000,0x0000000002990000)]

siginfo: ExceptionCode=0xc0000005, reading address 0x0000000000000000

Registers:
RAX=0x0000000000000030, RBX=0x000000001fedae98, RCX=0x0000000020578df4, RDX=0xffffffffdfa8720c
RSP=0x000000000298f218, RBP=0x0000000000000101, RSI=0x0000000000000006, RDI=0x0000000020578df4
R8 =0x0000000000000030, R9 =0x0000000000000006, R10=0x0000000000000000, R11=0x0000000020578df4
R12=0x0000000000000000, R13=0x00000000613b0000, R14=0x0000000000000000, R15=0x000000001fedae18
RIP=0x000000006227a420, EFLAGS=0x0000000000010283

Top of Stack: (sp=0x000000000298f218)
0x000000000298f218:   0000000061d6ea6a 0000000000000030
0x000000000298f228:   0000000002f3fdd4 000000000298f2a0
0x000000000298f238:   0000000061be296b 0000000002a92800
0x000000000298f248:   0000000000000006 0000000000000000
0x000000000298f258:   000000000003810b 000000001fedae18
0x000000000298f268:   0000000061d6f854 000000001feda080
0x000000000298f278:   0000000000000004 0000000000000000
0x000000000298f288:   00007ff983ae6ff8 0000000002a92800
0x000000000298f298:   000000000298f318 0000000000000000
0x000000000298f2a8:   0000000000000000 0000000000000000
0x000000000298f2b8:   0000000002f4178f 0000000000000030
0x000000000298f2c8:   000000000298f330 0000000000000000
0x000000000298f2d8:   0000000000000000 0000000000000006
0x000000000298f2e8:   0000000000000000 00000007c003d948
0x000000000298f2f8:   0000000800010000 00000006c0f7b610
0x000000000298f308:   00000000ffffffff 0000000000000008 

Instructions: (pc=0x000000006227a420)
0x000000006227a400:   29 41 c0 0f 29 49 d0 0f 10 44 0a e0 0f 10 4c 0a
0x000000006227a410:   f0 75 ad 0f 29 41 e0 49 83 e0 7f 0f 28 c1 eb 0c
0x000000006227a420:   0f 10 04 0a 48 83 c1 10 49 83 e8 10 4d 8b c8 49
0x000000006227a430:   c1 e9 04 74 1c 66 66 66 0f 1f 84 00 00 00 00 00 


Register to memory mapping:

RAX=0x0000000000000030 is an unknown value
RBX=0x000000001fedae98 is an unknown value
RCX=0x0000000020578df4 is an unknown value
RDX=0xffffffffdfa8720c is an unknown value
RSP=0x000000000298f218 is pointing into the stack for thread: 0x0000000002a92800
RBP=0x0000000000000101 is an unknown value
RSI=0x0000000000000006 is an unknown value
RDI=0x0000000020578df4 is an unknown value
R8 =0x0000000000000030 is an unknown value
R9 =0x0000000000000006 is an unknown value
R10=0x0000000000000000 is an unknown value
R11=0x0000000020578df4 is an unknown value
R12=0x0000000000000000 is an unknown value
R13=0x00000000613b0000 is an unknown value
R14=0x0000000000000000 is an unknown value
R15=0x000000001fedae18 is an unknown value


Stack: [0x0000000002890000,0x0000000002990000],  sp=0x000000000298f218,  free space=1020k
Native frames: (J=compiled Java code, j=interpreted, Vv=VM code, C=native code)
C  [nvoglv64.dll+0xeca420]
C  [nvoglv64.dll+0x9bea6a]
C  [nvoglv64.dll+0x9bf854]
C  0x0000000002f4178f

Java frames: (J=compiled Java code, j=interpreted, Vv=VM code)
J 973  org.lwjgl.opengl.GL11.glDrawArrays(III)V (0 bytes) @ 0x0000000002f41709 [0x0000000002f416c0+0x49]
J 1079 C2 drawing.BaseDrawing.drawRectangle(Ldrawing/Position;IILdrawing/Texture;ZLgameMap/Scaling;)V (49 bytes) @ 0x0000000002f7806c [0x0000000002f77c60+0x40c]
J 1126 C1 drawing.DrawHandler.drawAll(Lplayer/Player;LgameMap/GameMap;Lgame/GameState;Lgame/DisplayState;ILjava/util/ArrayList;Ljava/lang/String;)V (176 bytes) @ 0x0000000002f8adcc [0x0000000002f8a960+0x46c]
J 1125 C1 game.Game.updateAll()V (189 bytes) @ 0x0000000002f89e04 [0x0000000002f89560+0x8a4]
j  Main.showWindow()V+158
j  Main.main([Ljava/lang/String;)V+0
v  ~StubRoutines::call_stub

---------------  P R O C E S S  ---------------

Java Threads: ( => current thread )
  0x000000001e59c800 JavaThread "Java2D Disposer" daemon [_thread_blocked, id=9844, stack(0x0000000027200000,0x0000000027300000)]
  0x000000001d871000 JavaThread "Service Thread" daemon [_thread_blocked, id=3160, stack(0x000000001df30000,0x000000001e030000)]
  0x000000001d811800 JavaThread "C1 CompilerThread2" daemon [_thread_blocked, id=3720, stack(0x000000001de30000,0x000000001df30000)]
  0x000000001d7ad000 JavaThread "C2 CompilerThread1" daemon [_thread_blocked, id=8720, stack(0x000000001dd30000,0x000000001de30000)]
  0x000000001d7c1800 JavaThread "C2 CompilerThread0" daemon [_thread_blocked, id=4544, stack(0x000000001dc30000,0x000000001dd30000)]
  0x000000001d7aa800 JavaThread "Monitor Ctrl-Break" daemon [_thread_in_native, id=3624, stack(0x000000001db30000,0x000000001dc30000)]
  0x000000001c1dd000 JavaThread "Attach Listener" daemon [_thread_blocked, id=7852, stack(0x000000001d630000,0x000000001d730000)]
  0x000000001c1dc000 JavaThread "Signal Dispatcher" daemon [_thread_blocked, id=2120, stack(0x000000001d530000,0x000000001d630000)]
  0x0000000002b86000 JavaThread "Finalizer" daemon [_thread_blocked, id=11636, stack(0x000000001d430000,0x000000001d530000)]
  0x0000000002b7d800 JavaThread "Reference Handler" daemon [_thread_blocked, id=4588, stack(0x000000001d330000,0x000000001d430000)]
=>0x0000000002a92800 JavaThread "main" [_thread_in_native, id=7940, stack(0x0000000002890000,0x0000000002990000)]

Other Threads:
  0x000000001c1a6000 VMThread [stack: 0x000000001d230000,0x000000001d330000] [id=7656]
  0x000000001d875800 WatcherThread [stack: 0x000000001e030000,0x000000001e130000] [id=7144]

VM state:not at safepoint (normal execution)

VM Mutex/Monitor currently owned by a thread: None

Heap:
 PSYoungGen      total 33280K, used 24742K [0x000000076af80000, 0x000000076ee80000, 0x00000007c0000000)
  eden space 29184K, 70% used [0x000000076af80000,0x000000076c3a9a68,0x000000076cc00000)
  from space 4096K, 100% used [0x000000076cc00000,0x000000076d000000,0x000000076d000000)
  to   space 8704K, 0% used [0x000000076e600000,0x000000076e600000,0x000000076ee80000)
 ParOldGen       total 260608K, used 18320K [0x00000006c0e00000, 0x00000006d0c80000, 0x000000076af80000)
  object space 260608K, 7% used [0x00000006c0e00000,0x00000006c1fe4180,0x00000006d0c80000)
 Metaspace       used 10786K, capacity 10975K, committed 11264K, reserved 1058816K
  class space    used 953K, capacity 998K, committed 1024K, reserved 1048576K

Card table byte_map: [0x0000000011f50000,0x0000000012750000] byte_map_base: 0x000000000e949000

Marking Bits: (ParMarkBitMap*) 0x00000000643113b0
 Begin Bits: [0x00000000130b0000, 0x0000000017078000)
 End Bits:   [0x0000000017078000, 0x000000001b040000)

Polling page: 0x00000000007b0000

CodeCache: size=245760Kb used=4238Kb max_used=4238Kb free=241521Kb
 bounds [0x0000000002b90000, 0x0000000002fc0000, 0x0000000011b90000]
 total_blobs=2071 nmethods=1172 adapters=813
 compilation: enabled

Compilation events (10 events):
Event: 12.954 Thread 0x000000001d811800 1166       3       org.lwjgl.system.dyncall.DynCallback::dcbArgDouble (16 bytes)
Event: 12.954 Thread 0x000000001d811800 nmethod 1166 0x0000000002fb2010 code [0x0000000002fb21a0, 0x0000000002fb2438]
Event: 13.420 Thread 0x000000001d811800 1168       3       drawing.uiDrawing.UIDrawing::drawMainMenu (69 bytes)
Event: 13.420 Thread 0x000000001d811800 nmethod 1168 0x0000000002fb2910 code [0x0000000002fb2b20, 0x0000000002fb32e8]
Event: 13.421 Thread 0x000000001d811800 1169       3       userInteractions.UserInteractions::getButtonPressed (151 bytes)
Event: 13.422 Thread 0x000000001d811800 nmethod 1169 0x0000000002fb3890 code [0x0000000002fb3ba0, 0x0000000002fb51f8]
Event: 13.422 Thread 0x000000001d811800 1170       3       inputHandler.InputHandler::mouseButtonDown (6 bytes)
Event: 13.422 Thread 0x000000001d811800 nmethod 1170 0x0000000002fb5d50 code [0x0000000002fb5ea0, 0x0000000002fb6010]
Event: 14.390 Thread 0x000000001d811800 1171       3       org.lwjgl.system.dyncall.DynCallback::dcbArgPointer (16 bytes)
Event: 14.390 Thread 0x000000001d811800 nmethod 1171 0x0000000002fb6110 code [0x0000000002fb62a0, 0x0000000002fb6538]

GC Heap History (10 events):
Event: 1.580 GC heap before
{Heap before GC invocations=11 (full 0):
 PSYoungGen      total 13824K, used 13504K [0x000000076af80000, 0x000000076c080000, 0x00000007c0000000)
  eden space 11776K, 100% used [0x000000076af80000,0x000000076bb00000,0x000000076bb00000)
  from space 2048K, 84% used [0x000000076bd80000,0x000000076bf30010,0x000000076bf80000)
  to   space 2560K, 0% used [0x000000076bb00000,0x000000076bb00000,0x000000076bd80000)
 ParOldGen       total 260608K, used 3164K [0x00000006c0e00000, 0x00000006d0c80000, 0x000000076af80000)
  object space 260608K, 1% used [0x00000006c0e00000,0x00000006c1117310,0x00000006d0c80000)
 Metaspace       used 10434K, capacity 10687K, committed 11008K, reserved 1058816K
  class space    used 917K, capacity 966K, committed 1024K, reserved 1048576K
Event: 1.581 GC heap after
Heap after GC invocations=11 (full 0):
 PSYoungGen      total 14336K, used 2240K [0x000000076af80000, 0x000000076c700000, 0x00000007c0000000)
  eden space 11776K, 0% used [0x000000076af80000,0x000000076af80000,0x000000076bb00000)
  from space 2560K, 87% used [0x000000076bb00000,0x000000076bd30020,0x000000076bd80000)
  to   space 2560K, 0% used [0x000000076c480000,0x000000076c480000,0x000000076c700000)
 ParOldGen       total 260608K, used 4808K [0x00000006c0e00000, 0x00000006d0c80000, 0x000000076af80000)
  object space 260608K, 1% used [0x00000006c0e00000,0x00000006c12b23c0,0x00000006d0c80000)
 Metaspace       used 10434K, capacity 10687K, committed 11008K, reserved 1058816K
  class space    used 917K, capacity 966K, committed 1024K, reserved 1048576K
}
Event: 1.641 GC heap before
{Heap before GC invocations=12 (full 0):
 PSYoungGen      total 14336K, used 14016K [0x000000076af80000, 0x000000076c700000, 0x00000007c0000000)
  eden space 11776K, 100% used [0x000000076af80000,0x000000076bb00000,0x000000076bb00000)
  from space 2560K, 87% used [0x000000076bb00000,0x000000076bd30020,0x000000076bd80000)
  to   space 2560K, 0% used [0x000000076c480000,0x000000076c480000,0x000000076c700000)
 ParOldGen       total 260608K, used 4808K [0x00000006c0e00000, 0x00000006d0c80000, 0x000000076af80000)
  object space 260608K, 1% used [0x00000006c0e00000,0x00000006c12b23c0,0x00000006d0c80000)
 Metaspace       used 10483K, capacity 10687K, committed 11008K, reserved 1058816K
  class space    used 919K, capacity 966K, committed 1024K, reserved 1048576K
Event: 1.641 GC heap after
Heap after GC invocations=12 (full 0):
 PSYoungGen      total 21504K, used 128K [0x000000076af80000, 0x000000076c700000, 0x00000007c0000000)
  eden space 18944K, 0% used [0x000000076af80000,0x000000076af80000,0x000000076c200000)
  from space 2560K, 5% used [0x000000076c480000,0x000000076c4a0000,0x000000076c700000)
  to   space 2560K, 0% used [0x000000076c200000,0x000000076c200000,0x000000076c480000)
 ParOldGen       total 260608K, used 4824K [0x00000006c0e00000, 0x00000006d0c80000, 0x000000076af80000)
  object space 260608K, 1% used [0x00000006c0e00000,0x00000006c12b63c0,0x00000006d0c80000)
 Metaspace       used 10483K, capacity 10687K, committed 11008K, reserved 1058816K
  class space    used 919K, capacity 966K, committed 1024K, reserved 1048576K
}
Event: 1.658 GC heap before
{Heap before GC invocations=13 (full 0):
 PSYoungGen      total 21504K, used 19072K [0x000000076af80000, 0x000000076c700000, 0x00000007c0000000)
  eden space 18944K, 100% used [0x000000076af80000,0x000000076c200000,0x000000076c200000)
  from space 2560K, 5% used [0x000000076c480000,0x000000076c4a0000,0x000000076c700000)
  to   space 2560K, 0% used [0x000000076c200000,0x000000076c200000,0x000000076c480000)
 ParOldGen       total 260608K, used 4824K [0x00000006c0e00000, 0x00000006d0c80000, 0x000000076af80000)
  object space 260608K, 1% used [0x00000006c0e00000,0x00000006c12b63c0,0x00000006d0c80000)
 Metaspace       used 10503K, capacity 10687K, committed 11008K, reserved 1058816K
  class space    used 920K, capacity 966K, committed 1024K, reserved 1048576K
Event: 1.659 GC heap after
Heap after GC invocations=13 (full 0):
 PSYoungGen      total 21504K, used 192K [0x000000076af80000, 0x000000076d280000, 0x00000007c0000000)
  eden space 18944K, 0% used [0x000000076af80000,0x000000076af80000,0x000000076c200000)
  from space 2560K, 7% used [0x000000076c200000,0x000000076c230000,0x000000076c480000)
  to   space 2560K, 0% used [0x000000076d000000,0x000000076d000000,0x000000076d280000)
 ParOldGen       total 260608K, used 4880K [0x00000006c0e00000, 0x00000006d0c80000, 0x000000076af80000)
  object space 260608K, 1% used [0x00000006c0e00000,0x00000006c12c43c0,0x00000006d0c80000)
 Metaspace       used 10503K, capacity 10687K, committed 11008K, reserved 1058816K
  class space    used 920K, capacity 966K, committed 1024K, reserved 1048576K
}
Event: 5.504 GC heap before
{Heap before GC invocations=14 (full 0):
 PSYoungGen      total 21504K, used 19136K [0x000000076af80000, 0x000000076d280000, 0x00000007c0000000)
  eden space 18944K, 100% used [0x000000076af80000,0x000000076c200000,0x000000076c200000)
  from space 2560K, 7% used [0x000000076c200000,0x000000076c230000,0x000000076c480000)
  to   space 2560K, 0% used [0x000000076d000000,0x000000076d000000,0x000000076d280000)
 ParOldGen       total 260608K, used 4880K [0x00000006c0e00000, 0x00000006d0c80000, 0x000000076af80000)
  object space 260608K, 1% used [0x00000006c0e00000,0x00000006c12c43c0,0x00000006d0c80000)
 Metaspace       used 10755K, capacity 10911K, committed 11008K, reserved 1058816K
  class space    used 953K, capacity 998K, committed 1024K, reserved 1048576K
Event: 5.511 GC heap after
Heap after GC invocations=14 (full 0):
 PSYoungGen      total 31744K, used 2560K [0x000000076af80000, 0x000000076d580000, 0x00000007c0000000)
  eden space 29184K, 0% used [0x000000076af80000,0x000000076af80000,0x000000076cc00000)
  from space 2560K, 100% used [0x000000076d000000,0x000000076d280000,0x000000076d280000)
  to   space 4096K, 0% used [0x000000076cc00000,0x000000076cc00000,0x000000076d000000)
 ParOldGen       total 260608K, used 7336K [0x00000006c0e00000, 0x00000006d0c80000, 0x000000076af80000)
  object space 260608K, 2% used [0x00000006c0e00000,0x00000006c152a180,0x00000006d0c80000)
 Metaspace       used 10755K, capacity 10911K, committed 11008K, reserved 1058816K
  class space    used 953K, capacity 998K, committed 1024K, reserved 1048576K
}
Event: 9.307 GC heap before
{Heap before GC invocations=15 (full 0):
 PSYoungGen      total 31744K, used 31744K [0x000000076af80000, 0x000000076d580000, 0x00000007c0000000)
  eden space 29184K, 100% used [0x000000076af80000,0x000000076cc00000,0x000000076cc00000)
  from space 2560K, 100% used [0x000000076d000000,0x000000076d280000,0x000000076d280000)
  to   space 4096K, 0% used [0x000000076cc00000,0x000000076cc00000,0x000000076d000000)
 ParOldGen       total 260608K, used 7336K [0x00000006c0e00000, 0x00000006d0c80000, 0x000000076af80000)
  object space 260608K, 2% used [0x00000006c0e00000,0x00000006c152a180,0x00000006d0c80000)
 Metaspace       used 10781K, capacity 10975K, committed 11264K, reserved 1058816K
  class space    used 953K, capacity 998K, committed 1024K, reserved 1048576K
Event: 9.326 GC heap after
Heap after GC invocations=15 (full 0):
 PSYoungGen      total 33280K, used 4096K [0x000000076af80000, 0x000000076ee80000, 0x00000007c0000000)
  eden space 29184K, 0% used [0x000000076af80000,0x000000076af80000,0x000000076cc00000)
  from space 4096K, 100% used [0x000000076cc00000,0x000000076d000000,0x000000076d000000)
  to   space 8704K, 0% used [0x000000076e600000,0x000000076e600000,0x000000076ee80000)
 ParOldGen       total 260608K, used 18320K [0x00000006c0e00000, 0x00000006d0c80000, 0x000000076af80000)
  object space 260608K, 7% used [0x00000006c0e00000,0x00000006c1fe4180,0x00000006d0c80000)
 Metaspace       used 10781K, capacity 10975K, committed 11264K, reserved 1058816K
  class space    used 953K, capacity 998K, committed 1024K, reserved 1048576K
}

Deoptimization events (5 events):
Event: 1.521 Thread 0x0000000002a92800 Uncommon trap: reason=class_check action=maybe_recompile pc=0x0000000002e905a4 method=java.awt.image.BufferedImage.getRGB(IIII[III)[I @ 205
Event: 1.522 Thread 0x0000000002a92800 Uncommon trap: reason=class_check action=maybe_recompile pc=0x0000000002e80f88 method=java.awt.image.BufferedImage.getRGB(IIII[III)[I @ 205
Event: 1.522 Thread 0x0000000002a92800 Uncommon trap: reason=class_check action=maybe_recompile pc=0x0000000002e80f88 method=java.awt.image.BufferedImage.getRGB(IIII[III)[I @ 205
Event: 1.522 Thread 0x0000000002a92800 Uncommon trap: reason=class_check action=maybe_recompile pc=0x0000000002e80f88 method=java.awt.image.BufferedImage.getRGB(IIII[III)[I @ 205
Event: 1.610 Thread 0x0000000002a92800 Uncommon trap: reason=class_check action=maybe_recompile pc=0x0000000002e905a4 method=java.awt.image.BufferedImage.getRGB(IIII[III)[I @ 205

Internal exceptions (10 events):
Event: 4.356 Thread 0x0000000002a92800 Exception <a 'java/security/PrivilegedActionException'> (0x000000076b813f00) thrown at [D:\re\workspace\8-2-build-windows-amd64-cygwin\jdk8u5\2488\hotspot\src\share\vm\prims\jvm.cpp, line 1248]
Event: 4.358 Thread 0x0000000002a92800 Exception <a 'java/security/PrivilegedActionException'> (0x000000076b850c10) thrown at [D:\re\workspace\8-2-build-windows-amd64-cygwin\jdk8u5\2488\hotspot\src\share\vm\prims\jvm.cpp, line 1248]
Event: 4.359 Thread 0x0000000002a92800 Exception <a 'java/security/PrivilegedActionException'> (0x000000076b854ec0) thrown at [D:\re\workspace\8-2-build-windows-amd64-cygwin\jdk8u5\2488\hotspot\src\share\vm\prims\jvm.cpp, line 1248]
Event: 4.359 Thread 0x0000000002a92800 Exception <a 'java/security/PrivilegedActionException'> (0x000000076b85ffe8) thrown at [D:\re\workspace\8-2-build-windows-amd64-cygwin\jdk8u5\2488\hotspot\src\share\vm\prims\jvm.cpp, line 1248]
Event: 4.360 Thread 0x0000000002a92800 Exception <a 'java/security/PrivilegedActionException'> (0x000000076b861fd8) thrown at [D:\re\workspace\8-2-build-windows-amd64-cygwin\jdk8u5\2488\hotspot\src\share\vm\prims\jvm.cpp, line 1248]
Event: 4.360 Thread 0x0000000002a92800 Exception <a 'java/security/PrivilegedActionException'> (0x000000076b864fe0) thrown at [D:\re\workspace\8-2-build-windows-amd64-cygwin\jdk8u5\2488\hotspot\src\share\vm\prims\jvm.cpp, line 1248]
Event: 4.360 Thread 0x0000000002a92800 Exception <a 'java/security/PrivilegedActionException'> (0x000000076b868108) thrown at [D:\re\workspace\8-2-build-windows-amd64-cygwin\jdk8u5\2488\hotspot\src\share\vm\prims\jvm.cpp, line 1248]
Event: 4.856 Thread 0x0000000002a92800 Exception <a 'java/security/PrivilegedActionException'> (0x000000076bd73698) thrown at [D:\re\workspace\8-2-build-windows-amd64-cygwin\jdk8u5\2488\hotspot\src\share\vm\prims\jvm.cpp, line 1248]
Event: 4.857 Thread 0x0000000002a92800 Exception <a 'java/security/PrivilegedActionException'> (0x000000076bd759b0) thrown at [D:\re\workspace\8-2-build-windows-amd64-cygwin\jdk8u5\2488\hotspot\src\share\vm\prims\jvm.cpp, line 1248]
Event: 4.857 Thread 0x0000000002a92800 Exception <a 'java/security/PrivilegedActionException'> (0x000000076bd77bf0) thrown at [D:\re\workspace\8-2-build-windows-amd64-cygwin\jdk8u5\2488\hotspot\src\share\vm\prims\jvm.cpp, line 1248]

Events (10 events):
Event: 9.345 Executing VM operation: RevokeBias
Event: 9.345 Executing VM operation: RevokeBias done
Event: 9.345 Executing VM operation: RevokeBias
Event: 9.345 Executing VM operation: RevokeBias done
Event: 9.345 Executing VM operation: RevokeBias
Event: 9.345 Executing VM operation: RevokeBias done
Event: 9.345 Executing VM operation: RevokeBias
Event: 9.346 Executing VM operation: RevokeBias done
Event: 9.346 Executing VM operation: RevokeBias
Event: 9.346 Executing VM operation: RevokeBias done


Dynamic libraries:
0x00007ff66c090000 - 0x00007ff66c0c4000 	D:\Programme\Java\jdk1.8.0_05\bin\java.exe
0x00007ff983ad0000 - 0x00007ff983cb1000 	C:\WINDOWS\SYSTEM32\ntdll.dll
0x00007ff983200000 - 0x00007ff9832b2000 	C:\WINDOWS\System32\KERNEL32.DLL
0x00007ff980ce0000 - 0x00007ff980f53000 	C:\WINDOWS\System32\KERNELBASE.dll
0x00007ff9836d0000 - 0x00007ff983771000 	C:\WINDOWS\System32\ADVAPI32.dll
0x00007ff981750000 - 0x00007ff9817ee000 	C:\WINDOWS\System32\msvcrt.dll
0x00007ff983a40000 - 0x00007ff983a9b000 	C:\WINDOWS\System32\sechost.dll
0x00007ff9815b0000 - 0x00007ff9816d4000 	C:\WINDOWS\System32\RPCRT4.dll
0x00007ff9833e0000 - 0x00007ff983570000 	C:\WINDOWS\System32\USER32.dll
0x00007ff97ff00000 - 0x00007ff97ff20000 	C:\WINDOWS\System32\win32u.dll
0x00007ff980fc0000 - 0x00007ff980fe8000 	C:\WINDOWS\System32\GDI32.dll
0x00007ff9807a0000 - 0x00007ff980932000 	C:\WINDOWS\System32\gdi32full.dll
0x00007ff97ff20000 - 0x00007ff97ffbf000 	C:\WINDOWS\System32\msvcp_win.dll
0x00007ff980be0000 - 0x00007ff980cd8000 	C:\WINDOWS\System32\ucrtbase.dll
0x00007ff971bc0000 - 0x00007ff971e29000 	C:\WINDOWS\WinSxS\amd64_microsoft.windows.common-controls_6595b64144ccf1df_6.0.17134.648_none_fb45a0e93062a6d2\COMCTL32.dll
0x00007ff982e50000 - 0x00007ff983172000 	C:\WINDOWS\System32\combase.dll
0x00007ff980720000 - 0x00007ff98079a000 	C:\WINDOWS\System32\bcryptPrimitives.dll
0x00007ff9832c0000 - 0x00007ff9832ed000 	C:\WINDOWS\System32\IMM32.DLL
0x0000000064390000 - 0x0000000064462000 	D:\Programme\Java\jdk1.8.0_05\jre\bin\msvcr100.dll
0x0000000063b60000 - 0x000000006438a000 	D:\Programme\Java\jdk1.8.0_05\jre\bin\server\jvm.dll
0x00007ff980ff0000 - 0x00007ff980ff8000 	C:\WINDOWS\System32\PSAPI.DLL
0x00007ff97deb0000 - 0x00007ff97ded3000 	C:\WINDOWS\SYSTEM32\WINMM.dll
0x00007ff96f7f0000 - 0x00007ff96f7f9000 	C:\WINDOWS\SYSTEM32\WSOCK32.dll
0x00007ff983920000 - 0x00007ff98398c000 	C:\WINDOWS\System32\WS2_32.dll
0x00007ff97de50000 - 0x00007ff97de7a000 	C:\WINDOWS\SYSTEM32\WINMMBASE.dll
0x00007ff97ffc0000 - 0x00007ff980009000 	C:\WINDOWS\System32\cfgmgr32.dll
0x0000000063b50000 - 0x0000000063b5f000 	D:\Programme\Java\jdk1.8.0_05\jre\bin\verify.dll
0x0000000063b20000 - 0x0000000063b48000 	D:\Programme\Java\jdk1.8.0_05\jre\bin\java.dll
0x0000000063a80000 - 0x0000000063aa3000 	D:\Programme\Java\jdk1.8.0_05\jre\bin\instrument.dll
0x0000000063b00000 - 0x0000000063b16000 	D:\Programme\Java\jdk1.8.0_05\jre\bin\zip.dll
0x00007ff9817f0000 - 0x00007ff982c30000 	C:\WINDOWS\System32\SHELL32.dll
0x00007ff983990000 - 0x00007ff983a39000 	C:\WINDOWS\System32\shcore.dll
0x00007ff980010000 - 0x00007ff98071d000 	C:\WINDOWS\System32\windows.storage.dll
0x00007ff981000000 - 0x00007ff981051000 	C:\WINDOWS\System32\shlwapi.dll
0x00007ff97fe60000 - 0x00007ff97fe71000 	C:\WINDOWS\System32\kernel.appcore.dll
0x00007ff97fde0000 - 0x00007ff97fdff000 	C:\WINDOWS\System32\profapi.dll
0x00007ff97fe10000 - 0x00007ff97fe5c000 	C:\WINDOWS\System32\powrprof.dll
0x00007ff97fe00000 - 0x00007ff97fe0a000 	C:\WINDOWS\System32\FLTLIB.DLL
0x00007ff9734b0000 - 0x00007ff9734ca000 	C:\Program Files\JetBrains\IntelliJ IDEA Community Edition 2018.3.5\bin\breakgen64.dll
0x0000000063ae0000 - 0x0000000063afa000 	D:\Programme\Java\jdk1.8.0_05\jre\bin\net.dll
0x00007ff97f600000 - 0x00007ff97f666000 	C:\WINDOWS\system32\mswsock.dll
0x0000000063ac0000 - 0x0000000063ad1000 	D:\Programme\Java\jdk1.8.0_05\jre\bin\nio.dll
0x00007ff96fae0000 - 0x00007ff96fb3b000 	C:\Users\Andreas\AppData\Local\Temp\lwjglAndreas\3.1.6-build-14\lwjgl.dll
0x00007ff9680c0000 - 0x00007ff968111000 	C:\Users\Andreas\AppData\Local\Temp\lwjglAndreas\3.1.6-build-14\glfw.dll
0x00007ff97e160000 - 0x00007ff97e1f8000 	C:\WINDOWS\system32\uxtheme.dll
0x00007ff97fbf0000 - 0x00007ff97fc17000 	C:\WINDOWS\SYSTEM32\DEVOBJ.dll
0x00007ff97e3b0000 - 0x00007ff97e3d9000 	C:\WINDOWS\SYSTEM32\dwmapi.dll
0x00007ff978650000 - 0x00007ff9786c9000 	C:\WINDOWS\SYSTEM32\inputhost.dll
0x00007ff97dc80000 - 0x00007ff97dd5a000 	C:\WINDOWS\SYSTEM32\CoreMessaging.dll
0x00007ff97b740000 - 0x00007ff97b88d000 	C:\WINDOWS\SYSTEM32\wintypes.dll
0x00007ff97b890000 - 0x00007ff97bbae000 	C:\WINDOWS\SYSTEM32\CoreUIComponents.dll
0x00007ff97eed0000 - 0x00007ff97ef01000 	C:\WINDOWS\SYSTEM32\ntmarta.dll
0x00007ff982c30000 - 0x00007ff982da3000 	C:\WINDOWS\System32\MSCTF.dll
0x00007ff981060000 - 0x00007ff981123000 	C:\WINDOWS\System32\OLEAUT32.dll
0x00007ff981160000 - 0x00007ff9815ab000 	C:\WINDOWS\System32\SETUPAPI.DLL
0x00007ff97fea0000 - 0x00007ff97fef7000 	C:\WINDOWS\System32\WINTRUST.dll
0x00007ff97fe80000 - 0x00007ff97fe92000 	C:\WINDOWS\System32\MSASN1.dll
0x00007ff980940000 - 0x00007ff980b22000 	C:\WINDOWS\System32\CRYPT32.dll
0x00007ff954410000 - 0x00007ff954530000 	C:\WINDOWS\SYSTEM32\opengl32.dll
0x00007ff97aeb0000 - 0x00007ff97aedc000 	C:\WINDOWS\SYSTEM32\GLU32.dll
0x00000000613b0000 - 0x0000000063a72000 	C:\WINDOWS\System32\DriverStore\FileRepository\nv_dispi.inf_amd64_4aa19ae78d94d8a3\nvoglv64.dll
0x00007ff983570000 - 0x00007ff9836c1000 	C:\WINDOWS\System32\ole32.dll
0x00007ff97c8e0000 - 0x00007ff97c8f3000 	C:\WINDOWS\SYSTEM32\WTSAPI32.dll
0x00007ff97e950000 - 0x00007ff97e95a000 	C:\WINDOWS\SYSTEM32\VERSION.dll
0x00007ff97f7e0000 - 0x00007ff97f836000 	C:\WINDOWS\SYSTEM32\WINSTA.dll
0x00007ff9786d0000 - 0x00007ff978766000 	C:\WINDOWS\System32\TextInputFramework.dll
0x00007ff967750000 - 0x00007ff9677af000 	C:\Users\Andreas\AppData\Local\Temp\lwjglAndreas\3.1.6-build-14\lwjgl_opengl.dll
0x0000000061210000 - 0x00000000613a6000 	D:\Programme\Java\jdk1.8.0_05\jre\bin\awt.dll
0x00007ff97dfd0000 - 0x00007ff97e05b000 	C:\WINDOWS\SYSTEM32\apphelp.dll
0x00007ff96b5e0000 - 0x00007ff96b7a9000 	C:\WINDOWS\SYSTEM32\dbghelp.dll

VM Arguments:
jvm_args: -javaagent:C:\Program Files\JetBrains\IntelliJ IDEA Community Edition 2018.3.5\lib\idea_rt.jar=51440:C:\Program Files\JetBrains\IntelliJ IDEA Community Edition 2018.3.5\bin -Dfile.encoding=UTF-8 
java_command: Main
java_class_path (initial): D:\Programme\Java\jdk1.8.0_05\jre\lib\charsets.jar;D:\Programme\Java\jdk1.8.0_05\jre\lib\deploy.jar;D:\Programme\Java\jdk1.8.0_05\jre\lib\ext\access-bridge-64.jar;D:\Programme\Java\jdk1.8.0_05\jre\lib\ext\cldrdata.jar;D:\Programme\Java\jdk1.8.0_05\jre\lib\ext\dnsns.jar;D:\Programme\Java\jdk1.8.0_05\jre\lib\ext\jaccess.jar;D:\Programme\Java\jdk1.8.0_05\jre\lib\ext\jfxrt.jar;D:\Programme\Java\jdk1.8.0_05\jre\lib\ext\localedata.jar;D:\Programme\Java\jdk1.8.0_05\jre\lib\ext\nashorn.jar;D:\Programme\Java\jdk1.8.0_05\jre\lib\ext\sunec.jar;D:\Programme\Java\jdk1.8.0_05\jre\lib\ext\sunjce_provider.jar;D:\Programme\Java\jdk1.8.0_05\jre\lib\ext\sunmscapi.jar;D:\Programme\Java\jdk1.8.0_05\jre\lib\ext\sunpkcs11.jar;D:\Programme\Java\jdk1.8.0_05\jre\lib\ext\zipfs.jar;D:\Programme\Java\jdk1.8.0_05\jre\lib\javaws.jar;D:\Programme\Java\jdk1.8.0_05\jre\lib\jce.jar;D:\Programme\Java\jdk1.8.0_05\jre\lib\jfr.jar;D:\Programme\Java\jdk1.8.0_05\jre\lib\jfxswt.jar;D:\Programme\Java\jdk1.8.0_05\jre\lib\jsse.jar;D:\Programme\Java\jdk1.8.0_05\jre\lib\management-agent.jar;D:\Programme\Java\jdk1.8.0_05\jre\lib\plugin.jar;D:\Programme\Java\jdk1.8.0_05\jre\lib\resources.jar;D:\Programme\Java\jdk1.8.0_05\jre\lib\rt.jar;D:\Projekte\TheGame\MyGame\bin;D:\Projekte\TheGame\lib;D:\Projekte\TheGame\lib\lwjgl\lwjgl-javadoc.jar;D:\Projekte\TheGame\lib\lwjgl\lwjgl-natives-linux.jar;D:\Projekte\TheGame\lib\lwjgl\lwjgl-natives-macos.jar;D:\Projekte\TheGame\lib\lwjgl\lwjgl-natives-windows.jar;D:\Projekte\TheGame\lib\lwjgl\lwjgl-sources.jar;D:\Projekte\TheGame\lib\lwjgl\lwjgl.jar;D:\Projekte\TheGame\lib\lwjgl-assimp\lwjgl-assimp-javadoc.jar;D:\Projekte\TheGame\lib\lwjgl-assimp\lwjgl-assimp-natives-linux.jar;D:\Projekte\TheGame\lib\lwjgl-assimp\lwjgl-assimp-natives-macos.jar;D:\Projekte\TheGame\lib\lwjgl-assimp\lwjgl-assimp-natives-windows.jar;D:\Projekte\TheGame\lib\lwjgl-assimp\lwjgl-assimp-sources.jar;D:\Projekte\TheGame\lib\lwjgl-assimp\lwjgl-assimp.jar;D:\Projekte\TheGame\lib\l
Launcher Type: SUN_STANDARD

Environment Variables:
JAVA_HOME=D:\Programme\Java\jdk1.8.0_05
PATH=C:\WINDOWS\system32;C:\WINDOWS;C:\WINDOWS\System32\Wbem;C:\WINDOWS\System32\WindowsPowerShell\v1.0\;C:\Program Files (x86)\NVIDIA Corporation\PhysX\Common;C:\WINDOWS\system32;C:\WINDOWS;C:\WINDOWS\System32\Wbem;C:\WINDOWS\System32\WindowsPowerShell\v1.0\;C:\Program Files\Git\cmd;D:\Programme\Java\jdk1.8.0_05\lib;;C:\WINDOWS\System32\OpenSSH\;C:\Users\Andreas\AppData\Local\Microsoft\WindowsApps;
USERNAME=Andreas
OS=Windows_NT
PROCESSOR_IDENTIFIER=Intel64 Family 6 Model 60 Stepping 3, GenuineIntel



---------------  S Y S T E M  ---------------

OS: Windows 8.1 , 64 bit Build 9600 

CPU:total 4 (4 cores per cpu, 1 threads per core) family 6 model 60 stepping 3, cmov, cx8, fxsr, mmx, sse, sse2, sse3, ssse3, sse4.1, sse4.2, popcnt, avx, avx2, aes, clmul, erms, tsc, tscinvbit

Memory: 4k page, physical 16713364k(11639228k free), swap 19203732k(11597216k free)

vm_info: Java HotSpot(TM) 64-Bit Server VM (25.5-b02) for windows-amd64 JRE (1.8.0_05-b13), built on Mar 18 2014 01:08:39 by "java_re" with MS VC++ 10.0 (VS2010)

time: Sun Mar 17 17:41:57 2019
elapsed time: 15 seconds

