#
# A fatal error has been detected by the Java Runtime Environment:
#
#  EXCEPTION_ACCESS_VIOLATION (0xc0000005) at pc=0x000000006227a420, pid=11224, tid=8844
#
# JRE version: Java(TM) SE Runtime Environment (8.0_05-b13) (build 1.8.0_05-b13)
# Java VM: Java HotSpot(TM) 64-Bit Server VM (25.5-b02 mixed mode windows-amd64 compressed oops)
# Problematic frame:
# C  [nvoglv64.dll+0xeca420]
#
# Failed to write core dump. Minidumps are not enabled by default on client versions of Windows
#
# If you would like to submit a bug report, please visit:
#   http://bugreport.sun.com/bugreport/crash.jsp
# The crash happened outside the Java Virtual Machine in native code.
# See problematic frame for where to report the bug.
#

---------------  T H R E A D  ---------------

Current thread (0x0000000002912800):  JavaThread "main" [_thread_in_native, id=8844, stack(0x0000000002650000,0x0000000002750000)]

siginfo: ExceptionCode=0xc0000005, reading address 0x0000000000000000

Registers:
RAX=0x0000000000000030, RBX=0x000000001fd89e98, RCX=0x000000002041e490, RDX=0xffffffffdfbe1b70
RSP=0x000000000274f318, RBP=0x0000000000000101, RSI=0x0000000000000006, RDI=0x000000002041e490
R8 =0x0000000000000030, R9 =0x0000000000000006, R10=0x0000000000000000, R11=0x000000002041e490
R12=0x0000000000000000, R13=0x00000000613b0000, R14=0x0000000000000000, R15=0x000000001fd89e18
RIP=0x000000006227a420, EFLAGS=0x0000000000010283

Top of Stack: (sp=0x000000000274f318)
0x000000000274f318:   0000000061d6ea6a 000000076b7a3390
0x000000000274f328:   0000000600000000 00000006c0fa5e08
0x000000000274f338:   0000000061be296b 0000000002912800
0x000000000274f348:   0000000000000006 0000000000000000
0x000000000274f358:   000000000003810b 000000001fd89e18
0x000000000274f368:   0000000061d6f854 000000001fd89080
0x000000000274f378:   0000000000000004 0000000000000000
0x000000000274f388:   0000000000000000 0000000002912800
0x000000000274f398:   000000000274f418 000000000274f4d8
0x000000000274f3a8:   0000000000000000 0000000000000000
0x000000000274f3b8:   0000000002dc818f 0000000026de36c8
0x000000000274f3c8:   000000000274f430 0000000026de6320
0x000000000274f3d8:   0000000000000000 0000000000000006
0x000000000274f3e8:   0000000000000000 000000000000000c
0x000000000274f3f8:   0000000063c42c28 00000007c00003e8
0x000000000274f408:   0000000002740000 00004079276c1ea5 

Instructions: (pc=0x000000006227a420)
0x000000006227a400:   29 41 c0 0f 29 49 d0 0f 10 44 0a e0 0f 10 4c 0a
0x000000006227a410:   f0 75 ad 0f 29 41 e0 49 83 e0 7f 0f 28 c1 eb 0c
0x000000006227a420:   0f 10 04 0a 48 83 c1 10 49 83 e8 10 4d 8b c8 49
0x000000006227a430:   c1 e9 04 74 1c 66 66 66 0f 1f 84 00 00 00 00 00 


Register to memory mapping:

RAX=0x0000000000000030 is an unknown value
RBX=0x000000001fd89e98 is an unknown value
RCX=0x000000002041e490 is an unknown value
RDX=0xffffffffdfbe1b70 is an unknown value
RSP=0x000000000274f318 is pointing into the stack for thread: 0x0000000002912800
RBP=0x0000000000000101 is an unknown value
RSI=0x0000000000000006 is an unknown value
RDI=0x000000002041e490 is an unknown value
R8 =0x0000000000000030 is an unknown value
R9 =0x0000000000000006 is an unknown value
R10=0x0000000000000000 is an unknown value
R11=0x000000002041e490 is an unknown value
R12=0x0000000000000000 is an unknown value
R13=0x00000000613b0000 is an unknown value
R14=0x0000000000000000 is an unknown value
R15=0x000000001fd89e18 is an unknown value


Stack: [0x0000000002650000,0x0000000002750000],  sp=0x000000000274f318,  free space=1020k
Native frames: (J=compiled Java code, j=interpreted, Vv=VM code, C=native code)
C  [nvoglv64.dll+0xeca420]
C  [nvoglv64.dll+0x9bea6a]
C  [nvoglv64.dll+0x9bf854]
C  0x0000000002dc818f

Java frames: (J=compiled Java code, j=interpreted, Vv=VM code)
J 979  org.lwjgl.opengl.GL11.glDrawArrays(III)V (0 bytes) @ 0x0000000002dc8109 [0x0000000002dc80c0+0x49]
J 975 C1 drawing.Model.render()V (72 bytes) @ 0x0000000002dc708c [0x0000000002dc6e80+0x20c]
j  drawing.BaseDrawing.render(Ldrawing/Texture;[F[F)V+17
j  drawing.BaseDrawing.drawRectangle(Ldrawing/Position;IILdrawing/Texture;ZLgameMap/Scaling;)V+45
j  drawing.BaseDrawing.drawRectangle(Ldrawing/Position;IILdrawing/Texture;)V+16
j  drawing.uiDrawing.UIDrawing.drawBackground(Ldrawing/TextureCache;)V+29
j  drawing.DrawHandler.drawAll(Lplayer/Player;LgameMap/GameMap;Lgame/GameState;Lgame/DisplayState;ILjava/util/ArrayList;Ljava/lang/String;Z)V+14
j  game.Game.updateAll()V+276
j  Main.showWindow()V+158
j  Main.main([Ljava/lang/String;)V+0
v  ~StubRoutines::call_stub

---------------  P R O C E S S  ---------------

Java Threads: ( => current thread )
  0x000000001e36d800 JavaThread "Java2D Disposer" daemon [_thread_blocked, id=7948, stack(0x0000000026fb0000,0x00000000270b0000)]
  0x000000001d705000 JavaThread "Service Thread" daemon [_thread_blocked, id=6296, stack(0x000000001ddd0000,0x000000001ded0000)]
  0x000000001d6ad000 JavaThread "C1 CompilerThread2" daemon [_thread_blocked, id=1252, stack(0x000000001dcd0000,0x000000001ddd0000)]
  0x000000001d665000 JavaThread "C2 CompilerThread1" daemon [_thread_blocked, id=10892, stack(0x000000001dbd0000,0x000000001dcd0000)]
  0x000000001d660800 JavaThread "C2 CompilerThread0" daemon [_thread_blocked, id=4756, stack(0x000000001dad0000,0x000000001dbd0000)]
  0x000000001d65c000 JavaThread "Monitor Ctrl-Break" daemon [_thread_in_native, id=6948, stack(0x000000001d9d0000,0x000000001dad0000)]
  0x000000001c05c800 JavaThread "Attach Listener" daemon [_thread_blocked, id=1572, stack(0x000000001d4d0000,0x000000001d5d0000)]
  0x000000001c05b800 JavaThread "Signal Dispatcher" daemon [_thread_blocked, id=11932, stack(0x000000001d3d0000,0x000000001d4d0000)]
  0x0000000002a09000 JavaThread "Finalizer" daemon [_thread_blocked, id=6920, stack(0x000000001d2d0000,0x000000001d3d0000)]
  0x0000000002a00800 JavaThread "Reference Handler" daemon [_thread_blocked, id=7396, stack(0x000000001d1d0000,0x000000001d2d0000)]
=>0x0000000002912800 JavaThread "main" [_thread_in_native, id=8844, stack(0x0000000002650000,0x0000000002750000)]

Other Threads:
  0x000000001c025800 VMThread [stack: 0x000000001d0d0000,0x000000001d1d0000] [id=9676]
  0x000000001d709000 WatcherThread [stack: 0x000000001ded0000,0x000000001dfd0000] [id=5248]

VM state:not at safepoint (normal execution)

VM Mutex/Monitor currently owned by a thread: None

Heap:
 PSYoungGen      total 21504K, used 8608K [0x000000076af80000, 0x000000076d280000, 0x00000007c0000000)
  eden space 18944K, 44% used [0x000000076af80000,0x000000076b7b8040,0x000000076c200000)
  from space 2560K, 7% used [0x000000076c200000,0x000000076c230000,0x000000076c480000)
  to   space 2560K, 0% used [0x000000076d000000,0x000000076d000000,0x000000076d280000)
 ParOldGen       total 260608K, used 4823K [0x00000006c0e00000, 0x00000006d0c80000, 0x000000076af80000)
  object space 260608K, 1% used [0x00000006c0e00000,0x00000006c12b5f38,0x00000006d0c80000)
 Metaspace       used 10671K, capacity 10911K, committed 11008K, reserved 1058816K
  class space    used 942K, capacity 998K, committed 1024K, reserved 1048576K

Card table byte_map: [0x0000000011dd0000,0x00000000125d0000] byte_map_base: 0x000000000e7c9000

Marking Bits: (ParMarkBitMap*) 0x00000000643113b0
 Begin Bits: [0x0000000012f30000, 0x0000000016ef8000)
 End Bits:   [0x0000000016ef8000, 0x000000001aec0000)

Polling page: 0x00000000005b0000

CodeCache: size=245760Kb used=3828Kb max_used=3835Kb free=241931Kb
 bounds [0x0000000002a10000, 0x0000000002de0000, 0x0000000011a10000]
 total_blobs=1896 nmethods=996 adapters=814
 compilation: enabled

Compilation events (10 events):
Event: 2.489 Thread 0x000000001d6ad000  992       1       drawing.button.Button::getWidth (5 bytes)
Event: 2.489 Thread 0x000000001d6ad000 nmethod 992 0x0000000002dcfc90 code [0x0000000002dcfde0, 0x0000000002dcfef0]
Event: 2.506 Thread 0x000000001d6ad000  993       3       drawing.Position::<init> (15 bytes)
Event: 2.506 Thread 0x000000001d6ad000 nmethod 993 0x0000000002dcf8d0 code [0x0000000002dcfa20, 0x0000000002dcfbd0]
Event: 2.522 Thread 0x000000001d665000  994       4       java.nio.Buffer::position (43 bytes)
Event: 2.523 Thread 0x000000001d665000 nmethod 994 0x0000000002daafd0 code [0x0000000002dab100, 0x0000000002dab198]
Event: 2.556 Thread 0x000000001d6ad000  995       3       java.util.ArrayList$Itr::next (66 bytes)
Event: 2.557 Thread 0x000000001d6ad000 nmethod 995 0x0000000002dd1950 code [0x0000000002dd1b00, 0x0000000002dd1fa8]
Event: 2.557 Thread 0x000000001d6ad000  996       3       java.util.ArrayList$Itr::checkForComodification (23 bytes)
Event: 2.557 Thread 0x000000001d6ad000 nmethod 996 0x0000000002dd14d0 code [0x0000000002dd1640, 0x0000000002dd1868]

GC Heap History (10 events):
Event: 1.569 GC heap before
{Heap before GC invocations=9 (full 0):
 PSYoungGen      total 9216K, used 8941K [0x000000076af80000, 0x000000076bb80000, 0x00000007c0000000)
  eden space 7680K, 98% used [0x000000076af80000,0x000000076b6e1d20,0x000000076b700000)
  from space 1536K, 89% used [0x000000076b900000,0x000000076ba59718,0x000000076ba80000)
  to   space 2048K, 0% used [0x000000076b700000,0x000000076b700000,0x000000076b900000)
 ParOldGen       total 260608K, used 1335K [0x00000006c0e00000, 0x00000006d0c80000, 0x000000076af80000)
  object space 260608K, 0% used [0x00000006c0e00000,0x00000006c0f4dd20,0x00000006d0c80000)
 Metaspace       used 10355K, capacity 10559K, committed 10752K, reserved 1058816K
  class space    used 914K, capacity 966K, committed 1024K, reserved 1048576K
Event: 1.571 GC heap after
Heap after GC invocations=9 (full 0):
 PSYoungGen      total 9728K, used 1962K [0x000000076af80000, 0x000000076bf80000, 0x00000007c0000000)
  eden space 7680K, 0% used [0x000000076af80000,0x000000076af80000,0x000000076b700000)
  from space 2048K, 95% used [0x000000076b700000,0x000000076b8ea8a0,0x000000076b900000)
  to   space 2048K, 0% used [0x000000076bd80000,0x000000076bd80000,0x000000076bf80000)
 ParOldGen       total 260608K, used 1635K [0x00000006c0e00000, 0x00000006d0c80000, 0x000000076af80000)
  object space 260608K, 0% used [0x00000006c0e00000,0x00000006c0f98d30,0x00000006d0c80000)
 Metaspace       used 10355K, capacity 10559K, committed 10752K, reserved 1058816K
  class space    used 914K, capacity 966K, committed 1024K, reserved 1048576K
}
Event: 1.649 GC heap before
{Heap before GC invocations=10 (full 0):
 PSYoungGen      total 9728K, used 9541K [0x000000076af80000, 0x000000076bf80000, 0x00000007c0000000)
  eden space 7680K, 98% used [0x000000076af80000,0x000000076b6e6c08,0x000000076b700000)
  from space 2048K, 95% used [0x000000076b700000,0x000000076b8ea8a0,0x000000076b900000)
  to   space 2048K, 0% used [0x000000076bd80000,0x000000076bd80000,0x000000076bf80000)
 ParOldGen       total 260608K, used 1635K [0x00000006c0e00000, 0x00000006d0c80000, 0x000000076af80000)
  object space 260608K, 0% used [0x00000006c0e00000,0x00000006c0f98d30,0x00000006d0c80000)
 Metaspace       used 10384K, capacity 10559K, committed 10752K, reserved 1058816K
  class space    used 914K, capacity 966K, committed 1024K, reserved 1048576K
Event: 1.650 GC heap after
Heap after GC invocations=10 (full 0):
 PSYoungGen      total 13824K, used 1728K [0x000000076af80000, 0x000000076c080000, 0x00000007c0000000)
  eden space 11776K, 0% used [0x000000076af80000,0x000000076af80000,0x000000076bb00000)
  from space 2048K, 84% used [0x000000076bd80000,0x000000076bf30010,0x000000076bf80000)
  to   space 2560K, 0% used [0x000000076bb00000,0x000000076bb00000,0x000000076bd80000)
 ParOldGen       total 260608K, used 4131K [0x00000006c0e00000, 0x00000006d0c80000, 0x000000076af80000)
  object space 260608K, 1% used [0x00000006c0e00000,0x00000006c1208e98,0x00000006d0c80000)
 Metaspace       used 10384K, capacity 10559K, committed 10752K, reserved 1058816K
  class space    used 914K, capacity 966K, committed 1024K, reserved 1048576K
}
Event: 1.724 GC heap before
{Heap before GC invocations=11 (full 0):
 PSYoungGen      total 13824K, used 12694K [0x000000076af80000, 0x000000076c080000, 0x00000007c0000000)
  eden space 11776K, 93% used [0x000000076af80000,0x000000076ba35800,0x000000076bb00000)
  from space 2048K, 84% used [0x000000076bd80000,0x000000076bf30010,0x000000076bf80000)
  to   space 2560K, 0% used [0x000000076bb00000,0x000000076bb00000,0x000000076bd80000)
 ParOldGen       total 260608K, used 4131K [0x00000006c0e00000, 0x00000006d0c80000, 0x000000076af80000)
  object space 260608K, 1% used [0x00000006c0e00000,0x00000006c1208e98,0x00000006d0c80000)
 Metaspace       used 10425K, capacity 10623K, committed 10752K, reserved 1058816K
  class space    used 916K, capacity 966K, committed 1024K, reserved 1048576K
Event: 1.725 GC heap after
Heap after GC invocations=11 (full 0):
 PSYoungGen      total 14336K, used 128K [0x000000076af80000, 0x000000076c700000, 0x00000007c0000000)
  eden space 11776K, 0% used [0x000000076af80000,0x000000076af80000,0x000000076bb00000)
  from space 2560K, 5% used [0x000000076bb00000,0x000000076bb20000,0x000000076bd80000)
  to   space 2560K, 0% used [0x000000076c480000,0x000000076c480000,0x000000076c700000)
 ParOldGen       total 260608K, used 4751K [0x00000006c0e00000, 0x00000006d0c80000, 0x000000076af80000)
  object space 260608K, 1% used [0x00000006c0e00000,0x00000006c12a3f38,0x00000006d0c80000)
 Metaspace       used 10425K, capacity 10623K, committed 10752K, reserved 1058816K
  class space    used 916K, capacity 966K, committed 1024K, reserved 1048576K
}
Event: 1.787 GC heap before
{Heap before GC invocations=12 (full 0):
 PSYoungGen      total 14336K, used 11904K [0x000000076af80000, 0x000000076c700000, 0x00000007c0000000)
  eden space 11776K, 100% used [0x000000076af80000,0x000000076bb00000,0x000000076bb00000)
  from space 2560K, 5% used [0x000000076bb00000,0x000000076bb20000,0x000000076bd80000)
  to   space 2560K, 0% used [0x000000076c480000,0x000000076c480000,0x000000076c700000)
 ParOldGen       total 260608K, used 4751K [0x00000006c0e00000, 0x00000006d0c80000, 0x000000076af80000)
  object space 260608K, 1% used [0x00000006c0e00000,0x00000006c12a3f38,0x00000006d0c80000)
 Metaspace       used 10473K, capacity 10687K, committed 11008K, reserved 1058816K
  class space    used 919K, capacity 966K, committed 1024K, reserved 1048576K
Event: 1.788 GC heap after
Heap after GC invocations=12 (full 0):
 PSYoungGen      total 21504K, used 128K [0x000000076af80000, 0x000000076c700000, 0x00000007c0000000)
  eden space 18944K, 0% used [0x000000076af80000,0x000000076af80000,0x000000076c200000)
  from space 2560K, 5% used [0x000000076c480000,0x000000076c4a0000,0x000000076c700000)
  to   space 2560K, 0% used [0x000000076c200000,0x000000076c200000,0x000000076c480000)
 ParOldGen       total 260608K, used 4775K [0x00000006c0e00000, 0x00000006d0c80000, 0x000000076af80000)
  object space 260608K, 1% used [0x00000006c0e00000,0x00000006c12a9f38,0x00000006d0c80000)
 Metaspace       used 10473K, capacity 10687K, committed 11008K, reserved 1058816K
  class space    used 919K, capacity 966K, committed 1024K, reserved 1048576K
}
Event: 1.807 GC heap before
{Heap before GC invocations=13 (full 0):
 PSYoungGen      total 21504K, used 19072K [0x000000076af80000, 0x000000076c700000, 0x00000007c0000000)
  eden space 18944K, 100% used [0x000000076af80000,0x000000076c200000,0x000000076c200000)
  from space 2560K, 5% used [0x000000076c480000,0x000000076c4a0000,0x000000076c700000)
  to   space 2560K, 0% used [0x000000076c200000,0x000000076c200000,0x000000076c480000)
 ParOldGen       total 260608K, used 4775K [0x00000006c0e00000, 0x00000006d0c80000, 0x000000076af80000)
  object space 260608K, 1% used [0x00000006c0e00000,0x00000006c12a9f38,0x00000006d0c80000)
 Metaspace       used 10495K, capacity 10687K, committed 11008K, reserved 1058816K
  class space    used 919K, capacity 966K, committed 1024K, reserved 1048576K
Event: 1.807 GC heap after
Heap after GC invocations=13 (full 0):
 PSYoungGen      total 21504K, used 192K [0x000000076af80000, 0x000000076d280000, 0x00000007c0000000)
  eden space 18944K, 0% used [0x000000076af80000,0x000000076af80000,0x000000076c200000)
  from space 2560K, 7% used [0x000000076c200000,0x000000076c230000,0x000000076c480000)
  to   space 2560K, 0% used [0x000000076d000000,0x000000076d000000,0x000000076d280000)
 ParOldGen       total 260608K, used 4823K [0x00000006c0e00000, 0x00000006d0c80000, 0x000000076af80000)
  object space 260608K, 1% used [0x00000006c0e00000,0x00000006c12b5f38,0x00000006d0c80000)
 Metaspace       used 10495K, capacity 10687K, committed 11008K, reserved 1058816K
  class space    used 919K, capacity 966K, committed 1024K, reserved 1048576K
}

Deoptimization events (5 events):
Event: 1.666 Thread 0x0000000002912800 Uncommon trap: reason=class_check action=maybe_recompile pc=0x0000000002d128a4 method=java.awt.image.BufferedImage.getRGB(IIII[III)[I @ 205
Event: 1.666 Thread 0x0000000002912800 Uncommon trap: reason=class_check action=maybe_recompile pc=0x0000000002cfd9c8 method=java.awt.image.BufferedImage.getRGB(IIII[III)[I @ 205
Event: 1.667 Thread 0x0000000002912800 Uncommon trap: reason=class_check action=maybe_recompile pc=0x0000000002cfd9c8 method=java.awt.image.BufferedImage.getRGB(IIII[III)[I @ 205
Event: 1.667 Thread 0x0000000002912800 Uncommon trap: reason=class_check action=maybe_recompile pc=0x0000000002cfd9c8 method=java.awt.image.BufferedImage.getRGB(IIII[III)[I @ 205
Event: 1.756 Thread 0x0000000002912800 Uncommon trap: reason=class_check action=maybe_recompile pc=0x0000000002d128a4 method=java.awt.image.BufferedImage.getRGB(IIII[III)[I @ 205

Internal exceptions (10 events):
Event: 1.818 Thread 0x0000000002912800 Exception <a 'java/security/PrivilegedActionException'> (0x000000076b2a1250) thrown at [D:\re\workspace\8-2-build-windows-amd64-cygwin\jdk8u5\2488\hotspot\src\share\vm\prims\jvm.cpp, line 1248]
Event: 1.821 Thread 0x0000000002912800 Exception <a 'java/security/PrivilegedActionException'> (0x000000076b2a5c00) thrown at [D:\re\workspace\8-2-build-windows-amd64-cygwin\jdk8u5\2488\hotspot\src\share\vm\prims\jvm.cpp, line 1248]
Event: 1.822 Thread 0x0000000002912800 Exception <a 'java/security/PrivilegedActionException'> (0x000000076b2ab8e8) thrown at [D:\re\workspace\8-2-build-windows-amd64-cygwin\jdk8u5\2488\hotspot\src\share\vm\prims\jvm.cpp, line 1248]
Event: 1.822 Thread 0x0000000002912800 Exception <a 'java/security/PrivilegedActionException'> (0x000000076b2b1b00) thrown at [D:\re\workspace\8-2-build-windows-amd64-cygwin\jdk8u5\2488\hotspot\src\share\vm\prims\jvm.cpp, line 1248]
Event: 1.823 Thread 0x0000000002912800 Exception <a 'java/security/PrivilegedActionException'> (0x000000076b2c16c0) thrown at [D:\re\workspace\8-2-build-windows-amd64-cygwin\jdk8u5\2488\hotspot\src\share\vm\prims\jvm.cpp, line 1248]
Event: 1.824 Thread 0x0000000002912800 Exception <a 'java/security/PrivilegedActionException'> (0x000000076b2cae40) thrown at [D:\re\workspace\8-2-build-windows-amd64-cygwin\jdk8u5\2488\hotspot\src\share\vm\prims\jvm.cpp, line 1248]
Event: 1.824 Thread 0x0000000002912800 Exception <a 'java/security/PrivilegedActionException'> (0x000000076b2d17b8) thrown at [D:\re\workspace\8-2-build-windows-amd64-cygwin\jdk8u5\2488\hotspot\src\share\vm\prims\jvm.cpp, line 1248]
Event: 1.825 Thread 0x0000000002912800 Exception <a 'java/security/PrivilegedActionException'> (0x000000076b2d7fe0) thrown at [D:\re\workspace\8-2-build-windows-amd64-cygwin\jdk8u5\2488\hotspot\src\share\vm\prims\jvm.cpp, line 1248]
Event: 1.825 Thread 0x0000000002912800 Exception <a 'java/security/PrivilegedActionException'> (0x000000076b2d9cd8) thrown at [D:\re\workspace\8-2-build-windows-amd64-cygwin\jdk8u5\2488\hotspot\src\share\vm\prims\jvm.cpp, line 1248]
Event: 2.590 Thread 0x0000000002912800 Exception <a 'java/security/PrivilegedActionException'> (0x000000076b7a1708) thrown at [D:\re\workspace\8-2-build-windows-amd64-cygwin\jdk8u5\2488\hotspot\src\share\vm\prims\jvm.cpp, line 1248]

Events (10 events):
Event: 1.824 loading class org/lwjgl/glfw/GLFWCursorPosCallback$Container
Event: 1.824 loading class org/lwjgl/glfw/GLFWCursorPosCallback$Container done
Event: 1.825 loading class gameMap/Scaling
Event: 1.825 loading class gameMap/Scaling done
Event: 1.825 loading class drawing/Model
Event: 1.825 loading class drawing/Model done
Event: 1.833 Thread 0x0000000002912800 DEOPT PACKING pc=0x0000000002d3d1c5 sp=0x000000000274f270
Event: 1.833 Thread 0x0000000002912800 DEOPT UNPACKING pc=0x0000000002a57604 sp=0x000000000274efd8 mode 0
Event: 2.590 loading class game/Game$1
Event: 2.590 loading class game/Game$1 done


Dynamic libraries:
0x00007ff66c090000 - 0x00007ff66c0c4000 	D:\Programme\Java\jdk1.8.0_05\bin\java.exe
0x00007ff983ad0000 - 0x00007ff983cb1000 	C:\WINDOWS\SYSTEM32\ntdll.dll
0x00007ff983200000 - 0x00007ff9832b2000 	C:\WINDOWS\System32\KERNEL32.DLL
0x00007ff980ce0000 - 0x00007ff980f53000 	C:\WINDOWS\System32\KERNELBASE.dll
0x00007ff9836d0000 - 0x00007ff983771000 	C:\WINDOWS\System32\ADVAPI32.dll
0x00007ff981750000 - 0x00007ff9817ee000 	C:\WINDOWS\System32\msvcrt.dll
0x00007ff983a40000 - 0x00007ff983a9b000 	C:\WINDOWS\System32\sechost.dll
0x00007ff9815b0000 - 0x00007ff9816d4000 	C:\WINDOWS\System32\RPCRT4.dll
0x00007ff9833e0000 - 0x00007ff983570000 	C:\WINDOWS\System32\USER32.dll
0x00007ff97ff00000 - 0x00007ff97ff20000 	C:\WINDOWS\System32\win32u.dll
0x00007ff980fc0000 - 0x00007ff980fe8000 	C:\WINDOWS\System32\GDI32.dll
0x00007ff9807a0000 - 0x00007ff980932000 	C:\WINDOWS\System32\gdi32full.dll
0x00007ff97ff20000 - 0x00007ff97ffbf000 	C:\WINDOWS\System32\msvcp_win.dll
0x00007ff980be0000 - 0x00007ff980cd8000 	C:\WINDOWS\System32\ucrtbase.dll
0x00007ff971bc0000 - 0x00007ff971e29000 	C:\WINDOWS\WinSxS\amd64_microsoft.windows.common-controls_6595b64144ccf1df_6.0.17134.648_none_fb45a0e93062a6d2\COMCTL32.dll
0x00007ff982e50000 - 0x00007ff983172000 	C:\WINDOWS\System32\combase.dll
0x00007ff980720000 - 0x00007ff98079a000 	C:\WINDOWS\System32\bcryptPrimitives.dll
0x00007ff9832c0000 - 0x00007ff9832ed000 	C:\WINDOWS\System32\IMM32.DLL
0x0000000064390000 - 0x0000000064462000 	D:\Programme\Java\jdk1.8.0_05\jre\bin\msvcr100.dll
0x0000000063b60000 - 0x000000006438a000 	D:\Programme\Java\jdk1.8.0_05\jre\bin\server\jvm.dll
0x00007ff980ff0000 - 0x00007ff980ff8000 	C:\WINDOWS\System32\PSAPI.DLL
0x00007ff96f7f0000 - 0x00007ff96f7f9000 	C:\WINDOWS\SYSTEM32\WSOCK32.dll
0x00007ff97deb0000 - 0x00007ff97ded3000 	C:\WINDOWS\SYSTEM32\WINMM.dll
0x00007ff983920000 - 0x00007ff98398c000 	C:\WINDOWS\System32\WS2_32.dll
0x00007ff97de50000 - 0x00007ff97de7a000 	C:\WINDOWS\SYSTEM32\WINMMBASE.dll
0x00007ff97ffc0000 - 0x00007ff980009000 	C:\WINDOWS\System32\cfgmgr32.dll
0x0000000063b50000 - 0x0000000063b5f000 	D:\Programme\Java\jdk1.8.0_05\jre\bin\verify.dll
0x0000000063b20000 - 0x0000000063b48000 	D:\Programme\Java\jdk1.8.0_05\jre\bin\java.dll
0x0000000063a80000 - 0x0000000063aa3000 	D:\Programme\Java\jdk1.8.0_05\jre\bin\instrument.dll
0x0000000063b00000 - 0x0000000063b16000 	D:\Programme\Java\jdk1.8.0_05\jre\bin\zip.dll
0x00007ff9817f0000 - 0x00007ff982c30000 	C:\WINDOWS\System32\SHELL32.dll
0x00007ff983990000 - 0x00007ff983a39000 	C:\WINDOWS\System32\shcore.dll
0x00007ff980010000 - 0x00007ff98071d000 	C:\WINDOWS\System32\windows.storage.dll
0x00007ff981000000 - 0x00007ff981051000 	C:\WINDOWS\System32\shlwapi.dll
0x00007ff97fe60000 - 0x00007ff97fe71000 	C:\WINDOWS\System32\kernel.appcore.dll
0x00007ff97fde0000 - 0x00007ff97fdff000 	C:\WINDOWS\System32\profapi.dll
0x00007ff97fe10000 - 0x00007ff97fe5c000 	C:\WINDOWS\System32\powrprof.dll
0x00007ff97fe00000 - 0x00007ff97fe0a000 	C:\WINDOWS\System32\FLTLIB.DLL
0x00007ff9734b0000 - 0x00007ff9734ca000 	C:\Program Files\JetBrains\IntelliJ IDEA Community Edition 2018.3.5\bin\breakgen64.dll
0x0000000063ae0000 - 0x0000000063afa000 	D:\Programme\Java\jdk1.8.0_05\jre\bin\net.dll
0x00007ff97f600000 - 0x00007ff97f666000 	C:\WINDOWS\system32\mswsock.dll
0x0000000063ac0000 - 0x0000000063ad1000 	D:\Programme\Java\jdk1.8.0_05\jre\bin\nio.dll
0x00007ff96fae0000 - 0x00007ff96fb3b000 	C:\Users\Andreas\AppData\Local\Temp\lwjglAndreas\3.1.6-build-14\lwjgl.dll
0x00007ff962d80000 - 0x00007ff962dd1000 	C:\Users\Andreas\AppData\Local\Temp\lwjglAndreas\3.1.6-build-14\glfw.dll
0x00007ff97e160000 - 0x00007ff97e1f8000 	C:\WINDOWS\system32\uxtheme.dll
0x00007ff97fbf0000 - 0x00007ff97fc17000 	C:\WINDOWS\SYSTEM32\DEVOBJ.dll
0x00007ff97e3b0000 - 0x00007ff97e3d9000 	C:\WINDOWS\SYSTEM32\dwmapi.dll
0x00007ff978650000 - 0x00007ff9786c9000 	C:\WINDOWS\SYSTEM32\inputhost.dll
0x00007ff97b740000 - 0x00007ff97b88d000 	C:\WINDOWS\SYSTEM32\wintypes.dll
0x00007ff97dc80000 - 0x00007ff97dd5a000 	C:\WINDOWS\SYSTEM32\CoreMessaging.dll
0x00007ff97b890000 - 0x00007ff97bbae000 	C:\WINDOWS\SYSTEM32\CoreUIComponents.dll
0x00007ff97eed0000 - 0x00007ff97ef01000 	C:\WINDOWS\SYSTEM32\ntmarta.dll
0x00007ff982c30000 - 0x00007ff982da3000 	C:\WINDOWS\System32\MSCTF.dll
0x00007ff981060000 - 0x00007ff981123000 	C:\WINDOWS\System32\OLEAUT32.dll
0x00007ff981160000 - 0x00007ff9815ab000 	C:\WINDOWS\System32\SETUPAPI.DLL
0x00007ff97fea0000 - 0x00007ff97fef7000 	C:\WINDOWS\System32\WINTRUST.dll
0x00007ff97fe80000 - 0x00007ff97fe92000 	C:\WINDOWS\System32\MSASN1.dll
0x00007ff980940000 - 0x00007ff980b22000 	C:\WINDOWS\System32\CRYPT32.dll
0x00007ff954410000 - 0x00007ff954530000 	C:\WINDOWS\SYSTEM32\opengl32.dll
0x00007ff97aeb0000 - 0x00007ff97aedc000 	C:\WINDOWS\SYSTEM32\GLU32.dll
0x00000000613b0000 - 0x0000000063a72000 	C:\WINDOWS\System32\DriverStore\FileRepository\nv_dispi.inf_amd64_4aa19ae78d94d8a3\nvoglv64.dll
0x00007ff983570000 - 0x00007ff9836c1000 	C:\WINDOWS\System32\ole32.dll
0x00007ff97e950000 - 0x00007ff97e95a000 	C:\WINDOWS\SYSTEM32\VERSION.dll
0x00007ff97c8e0000 - 0x00007ff97c8f3000 	C:\WINDOWS\SYSTEM32\WTSAPI32.dll
0x00007ff97f7e0000 - 0x00007ff97f836000 	C:\WINDOWS\SYSTEM32\WINSTA.dll
0x00007ff9786d0000 - 0x00007ff978766000 	C:\WINDOWS\System32\TextInputFramework.dll
0x00007ff95c1d0000 - 0x00007ff95c22f000 	C:\Users\Andreas\AppData\Local\Temp\lwjglAndreas\3.1.6-build-14\lwjgl_opengl.dll
0x0000000061210000 - 0x00000000613a6000 	D:\Programme\Java\jdk1.8.0_05\jre\bin\awt.dll
0x00007ff97dfd0000 - 0x00007ff97e05b000 	C:\WINDOWS\SYSTEM32\apphelp.dll
0x00007ff96b5e0000 - 0x00007ff96b7a9000 	C:\WINDOWS\SYSTEM32\dbghelp.dll

VM Arguments:
jvm_args: -javaagent:C:\Program Files\JetBrains\IntelliJ IDEA Community Edition 2018.3.5\lib\idea_rt.jar=51966:C:\Program Files\JetBrains\IntelliJ IDEA Community Edition 2018.3.5\bin -Dfile.encoding=UTF-8 
java_command: Main
java_class_path (initial): D:\Programme\Java\jdk1.8.0_05\jre\lib\charsets.jar;D:\Programme\Java\jdk1.8.0_05\jre\lib\deploy.jar;D:\Programme\Java\jdk1.8.0_05\jre\lib\ext\access-bridge-64.jar;D:\Programme\Java\jdk1.8.0_05\jre\lib\ext\cldrdata.jar;D:\Programme\Java\jdk1.8.0_05\jre\lib\ext\dnsns.jar;D:\Programme\Java\jdk1.8.0_05\jre\lib\ext\jaccess.jar;D:\Programme\Java\jdk1.8.0_05\jre\lib\ext\jfxrt.jar;D:\Programme\Java\jdk1.8.0_05\jre\lib\ext\localedata.jar;D:\Programme\Java\jdk1.8.0_05\jre\lib\ext\nashorn.jar;D:\Programme\Java\jdk1.8.0_05\jre\lib\ext\sunec.jar;D:\Programme\Java\jdk1.8.0_05\jre\lib\ext\sunjce_provider.jar;D:\Programme\Java\jdk1.8.0_05\jre\lib\ext\sunmscapi.jar;D:\Programme\Java\jdk1.8.0_05\jre\lib\ext\sunpkcs11.jar;D:\Programme\Java\jdk1.8.0_05\jre\lib\ext\zipfs.jar;D:\Programme\Java\jdk1.8.0_05\jre\lib\javaws.jar;D:\Programme\Java\jdk1.8.0_05\jre\lib\jce.jar;D:\Programme\Java\jdk1.8.0_05\jre\lib\jfr.jar;D:\Programme\Java\jdk1.8.0_05\jre\lib\jfxswt.jar;D:\Programme\Java\jdk1.8.0_05\jre\lib\jsse.jar;D:\Programme\Java\jdk1.8.0_05\jre\lib\management-agent.jar;D:\Programme\Java\jdk1.8.0_05\jre\lib\plugin.jar;D:\Programme\Java\jdk1.8.0_05\jre\lib\resources.jar;D:\Programme\Java\jdk1.8.0_05\jre\lib\rt.jar;D:\Projekte\TheGame\MyGame\bin;D:\Projekte\TheGame\lib;D:\Projekte\TheGame\lib\lwjgl\lwjgl-javadoc.jar;D:\Projekte\TheGame\lib\lwjgl\lwjgl-natives-linux.jar;D:\Projekte\TheGame\lib\lwjgl\lwjgl-natives-macos.jar;D:\Projekte\TheGame\lib\lwjgl\lwjgl-natives-windows.jar;D:\Projekte\TheGame\lib\lwjgl\lwjgl-sources.jar;D:\Projekte\TheGame\lib\lwjgl\lwjgl.jar;D:\Projekte\TheGame\lib\lwjgl-assimp\lwjgl-assimp-javadoc.jar;D:\Projekte\TheGame\lib\lwjgl-assimp\lwjgl-assimp-natives-linux.jar;D:\Projekte\TheGame\lib\lwjgl-assimp\lwjgl-assimp-natives-macos.jar;D:\Projekte\TheGame\lib\lwjgl-assimp\lwjgl-assimp-natives-windows.jar;D:\Projekte\TheGame\lib\lwjgl-assimp\lwjgl-assimp-sources.jar;D:\Projekte\TheGame\lib\lwjgl-assimp\lwjgl-assimp.jar;D:\Projekte\TheGame\lib\l
Launcher Type: SUN_STANDARD

Environment Variables:
JAVA_HOME=D:\Programme\Java\jdk1.8.0_05
PATH=C:\WINDOWS\system32;C:\WINDOWS;C:\WINDOWS\System32\Wbem;C:\WINDOWS\System32\WindowsPowerShell\v1.0\;C:\Program Files (x86)\NVIDIA Corporation\PhysX\Common;C:\WINDOWS\system32;C:\WINDOWS;C:\WINDOWS\System32\Wbem;C:\WINDOWS\System32\WindowsPowerShell\v1.0\;C:\Program Files\Git\cmd;D:\Programme\Java\jdk1.8.0_05\lib;;C:\WINDOWS\System32\OpenSSH\;C:\Users\Andreas\AppData\Local\Microsoft\WindowsApps;
USERNAME=Andreas
OS=Windows_NT
PROCESSOR_IDENTIFIER=Intel64 Family 6 Model 60 Stepping 3, GenuineIntel



---------------  S Y S T E M  ---------------

OS: Windows 8.1 , 64 bit Build 9600 

CPU:total 4 (4 cores per cpu, 1 threads per core) family 6 model 60 stepping 3, cmov, cx8, fxsr, mmx, sse, sse2, sse3, ssse3, sse4.1, sse4.2, popcnt, avx, avx2, aes, clmul, erms, tsc, tscinvbit

Memory: 4k page, physical 16713364k(11237756k free), swap 19203732k(11425408k free)

vm_info: Java HotSpot(TM) 64-Bit Server VM (25.5-b02) for windows-amd64 JRE (1.8.0_05-b13), built on Mar 18 2014 01:08:39 by "java_re" with MS VC++ 10.0 (VS2010)

time: Sun Mar 17 19:15:43 2019
elapsed time: 2 seconds

